<?xml version="1.0" encoding="UTF-8"?>
<!-- Generated by org.testng.reporters.JUnitXMLReporter -->
<testsuite hostname="DEBU" ignored="0" name="Command line test" tests="7" failures="1" timestamp="2021-02-12T10:11:00 IST" time="1809.594" errors="0">
  <testcase name="@BeforeMethod SetUp" time="604.671" classname="com.sauce.qa.testcases.CartPageTest">
    <failure type="org.openqa.selenium.SessionNotCreatedException" message="session not created
from timeout: Timed out receiving message from renderer: 600.000
  (Session info: chrome=88.0.4324.150)
Build info: version: &amp;apos;3.5.3&amp;apos;, revision: &amp;apos;a88d25fe6b&amp;apos;, time: &amp;apos;2017-08-29T12:42:44.417Z&amp;apos;
System info: host: &amp;apos;DEBU&amp;apos;, ip: &amp;apos;192.168.29.185&amp;apos;, os.name: &amp;apos;Windows 10&amp;apos;, os.arch: &amp;apos;amd64&amp;apos;, os.version: &amp;apos;10.0&amp;apos;, java.version: &amp;apos;1.8.0_131&amp;apos;
Driver info: driver.version: ChromeDriver
remote stacktrace: Backtrace:
	GetHandleVerifier [0x0077B963+483]
	GetHandleVerifier [0x0077B941+449]
	GetHandleVerifier [0x00B23308+3832712]
	GetHandleVerifier [0x00B1778C+3784716]
	GetHandleVerifier [0x00B16A47+3781319]
	GetHandleVerifier [0x00B16E36+3782326]
	GetHandleVerifier [0x00B16765+3780581]
	GetHandleVerifier [0x00B1C420+3804320]
	GetHandleVerifier [0x00B16721+3780513]
	GetHandleVerifier [0x00B174B2+3783986]
	GetHandleVerifier [0x00B16A47+3781319]
	GetHandleVerifier [0x00B16E36+3782326]
	GetHandleVerifier [0x00B16765+3780581]
	GetHandleVerifier [0x00B1B655+3800789]
	GetHandleVerifier [0x00B16721+3780513]
	GetHandleVerifier [0x00B174B2+3783986]
	GetHandleVerifier [0x00B16A47+3781319]
	GetHandleVerifier [0x00B16E36+3782326]
	GetHandleVerifier [0x00B16765+3780581]
	GetHandleVerifier [0x00B12F46+3766214]
	GetHandleVerifier [0x00B16721+3780513]
	GetHandleVerifier [0x00B16543+3780035]
	GetHandleVerifier [0x00B16337+3779511]
	GetHandleVerifier [0x00B24540+3837376]
	GetHandleVerifier [0x00B5F4BC+4078908]
	GetHandleVerifier [0x00B5E56C+4074988]
	GetHandleVerifier [0x00B5B2EB+4062059]
	GetHandleVerifier [0x00B3ED14+3945876]
	GetHandleVerifier [0x00B3FBCE+3949646]
	GetHandleVerifier [0x00B3FB59+3949529]
	Ordinal0 [0x0073B5CC+46540]
	Ordinal0 [0x00739F53+40787]
	Ordinal0 [0x00739B12+39698]
	GetHandleVerifier [0x00A41468+2907368]
	GetHandleVerifier [0x008871EE+1096302]
	GetHandleVerifier [0x00843E8D+821005]
	GetHandleVerifier [0x0084396B+819691]
	GetHandleVerifier [0x00843881+819457]
	GetHandleVerifier [0x0086F463+998627]
	BaseThreadInitThunk [0x76566359+25]
	RtlGetAppContainerNamedObjectPath [0x77558944+228]
	RtlGetAppContainerNamedObjectPath [0x77558914+180]
">
      <![CDATA[org.openqa.selenium.SessionNotCreatedException: session not created
from timeout: Timed out receiving message from renderer: 600.000
  (Session info: chrome=88.0.4324.150)
Build info: version: '3.5.3', revision: 'a88d25fe6b', time: '2017-08-29T12:42:44.417Z'
System info: host: 'DEBU', ip: '192.168.29.185', os.name: 'Windows 10', os.arch: 'amd64', os.version: '10.0', java.version: '1.8.0_131'
Driver info: driver.version: ChromeDriver
remote stacktrace: Backtrace:
GetHandleVerifier [0x0077B963+483]
GetHandleVerifier [0x0077B941+449]
GetHandleVerifier [0x00B23308+3832712]
GetHandleVerifier [0x00B1778C+3784716]
GetHandleVerifier [0x00B16A47+3781319]
GetHandleVerifier [0x00B16E36+3782326]
GetHandleVerifier [0x00B16765+3780581]
GetHandleVerifier [0x00B1C420+3804320]
GetHandleVerifier [0x00B16721+3780513]
GetHandleVerifier [0x00B174B2+3783986]
GetHandleVerifier [0x00B16A47+3781319]
GetHandleVerifier [0x00B16E36+3782326]
GetHandleVerifier [0x00B16765+3780581]
GetHandleVerifier [0x00B1B655+3800789]
GetHandleVerifier [0x00B16721+3780513]
GetHandleVerifier [0x00B174B2+3783986]
GetHandleVerifier [0x00B16A47+3781319]
GetHandleVerifier [0x00B16E36+3782326]
GetHandleVerifier [0x00B16765+3780581]
GetHandleVerifier [0x00B12F46+3766214]
GetHandleVerifier [0x00B16721+3780513]
GetHandleVerifier [0x00B16543+3780035]
GetHandleVerifier [0x00B16337+3779511]
GetHandleVerifier [0x00B24540+3837376]
GetHandleVerifier [0x00B5F4BC+4078908]
GetHandleVerifier [0x00B5E56C+4074988]
GetHandleVerifier [0x00B5B2EB+4062059]
GetHandleVerifier [0x00B3ED14+3945876]
GetHandleVerifier [0x00B3FBCE+3949646]
GetHandleVerifier [0x00B3FB59+3949529]
Ordinal0 [0x0073B5CC+46540]
Ordinal0 [0x00739F53+40787]
Ordinal0 [0x00739B12+39698]
GetHandleVerifier [0x00A41468+2907368]
GetHandleVerifier [0x008871EE+1096302]
GetHandleVerifier [0x00843E8D+821005]
GetHandleVerifier [0x0084396B+819691]
GetHandleVerifier [0x00843881+819457]
GetHandleVerifier [0x0086F463+998627]
BaseThreadInitThunk [0x76566359+25]
RtlGetAppContainerNamedObjectPath [0x77558944+228]
RtlGetAppContainerNamedObjectPath [0x77558914+180]

at org.openqa.selenium.remote.W3CHandshakeResponse.lambda$new$0(W3CHandshakeResponse.java:57)
at org.openqa.selenium.remote.W3CHandshakeResponse.lambda$getResponseFunction$2(W3CHandshakeResponse.java:104)
at org.openqa.selenium.remote.ProtocolHandshake.lambda$createSession$24(ProtocolHandshake.java:359)
at java.util.stream.ReferencePipeline$3$1.accept(ReferencePipeline.java:193)
at java.util.Spliterators$ArraySpliterator.tryAdvance(Spliterators.java:958)
at java.util.stream.ReferencePipeline.forEachWithCancel(ReferencePipeline.java:126)
at java.util.stream.AbstractPipeline.copyIntoWithCancel(AbstractPipeline.java:498)
at java.util.stream.AbstractPipeline.copyInto(AbstractPipeline.java:485)
at java.util.stream.AbstractPipeline.wrapAndCopyInto(AbstractPipeline.java:471)
at java.util.stream.FindOps$FindOp.evaluateSequential(FindOps.java:152)
at java.util.stream.AbstractPipeline.evaluate(AbstractPipeline.java:234)
at java.util.stream.ReferencePipeline.findFirst(ReferencePipeline.java:464)
at org.openqa.selenium.remote.ProtocolHandshake.createSession(ProtocolHandshake.java:362)
at org.openqa.selenium.remote.ProtocolHandshake.createSession(ProtocolHandshake.java:136)
at org.openqa.selenium.remote.HttpCommandExecutor.execute(HttpCommandExecutor.java:142)
at org.openqa.selenium.remote.service.DriverCommandExecutor.execute(DriverCommandExecutor.java:82)
at org.openqa.selenium.remote.RemoteWebDriver.execute(RemoteWebDriver.java:646)
at org.openqa.selenium.remote.RemoteWebDriver.startSession(RemoteWebDriver.java:255)
at org.openqa.selenium.remote.RemoteWebDriver.startSession(RemoteWebDriver.java:237)
at org.openqa.selenium.remote.RemoteWebDriver.<init>(RemoteWebDriver.java:138)
at org.openqa.selenium.chrome.ChromeDriver.<init>(ChromeDriver.java:178)
at org.openqa.selenium.chrome.ChromeDriver.<init>(ChromeDriver.java:167)
at org.openqa.selenium.chrome.ChromeDriver.<init>(ChromeDriver.java:124)
at com.sauce.qa.base.TestBase.intialization(TestBase.java:43)
at com.sauce.qa.testcases.CartPageTest.SetUp(CartPageTest.java:26)
at java.util.ArrayList.forEach(ArrayList.java:1249)
... Removed 45 stack frames]]>
    </failure>
  </testcase> <!-- @BeforeMethod SetUp -->
  <testcase name="@AfterMethod tearDown" time="-1.613103655824E9" classname="com.sauce.qa.testcases.CartPageTest">
    <skipped/>
  </testcase> <!-- @AfterMethod tearDown -->
  <testcase name="@BeforeMethod SetUp" time="-1.613103655828E9" classname="com.sauce.qa.testcases.CartPageTest">
    <skipped/>
  </testcase> <!-- @BeforeMethod SetUp -->
  <testcase name="@AfterMethod tearDown" time="-1.613103655832E9" classname="com.sauce.qa.testcases.CartPageTest">
    <skipped/>
  </testcase> <!-- @AfterMethod tearDown -->
  <testcase name="@BeforeMethod SetUp" time="-1.613103655835E9" classname="com.sauce.qa.testcases.CartPageTest">
    <skipped/>
  </testcase> <!-- @BeforeMethod SetUp -->
  <testcase name="@AfterMethod tearDown" time="-1.613103655836E9" classname="com.sauce.qa.testcases.CartPageTest">
    <skipped/>
  </testcase> <!-- @AfterMethod tearDown -->
  <testcase name="@BeforeMethod setUp" time="602.261" classname="com.sauce.qa.testcases.HomePageTest">
    <failure type="org.openqa.selenium.SessionNotCreatedException" message="session not created
from timeout: Timed out receiving message from renderer: 600.000
  (Session info: chrome=88.0.4324.150)
Build info: version: &amp;apos;3.5.3&amp;apos;, revision: &amp;apos;a88d25fe6b&amp;apos;, time: &amp;apos;2017-08-29T12:42:44.417Z&amp;apos;
System info: host: &amp;apos;DEBU&amp;apos;, ip: &amp;apos;192.168.29.185&amp;apos;, os.name: &amp;apos;Windows 10&amp;apos;, os.arch: &amp;apos;amd64&amp;apos;, os.version: &amp;apos;10.0&amp;apos;, java.version: &amp;apos;1.8.0_131&amp;apos;
Driver info: driver.version: ChromeDriver
remote stacktrace: Backtrace:
	GetHandleVerifier [0x0077B963+483]
	GetHandleVerifier [0x0077B941+449]
	GetHandleVerifier [0x00B23308+3832712]
	GetHandleVerifier [0x00B1778C+3784716]
	GetHandleVerifier [0x00B16A47+3781319]
	GetHandleVerifier [0x00B16E36+3782326]
	GetHandleVerifier [0x00B16765+3780581]
	GetHandleVerifier [0x00B1FB21+3818401]
	GetHandleVerifier [0x00B16721+3780513]
	GetHandleVerifier [0x00B174B2+3783986]
	GetHandleVerifier [0x00B16A47+3781319]
	GetHandleVerifier [0x00B16E36+3782326]
	GetHandleVerifier [0x00B16765+3780581]
	GetHandleVerifier [0x00B1DF9C+3811356]
	GetHandleVerifier [0x00B16721+3780513]
	GetHandleVerifier [0x00B174B2+3783986]
	GetHandleVerifier [0x00B16A47+3781319]
	GetHandleVerifier [0x00B16E36+3782326]
	GetHandleVerifier [0x00B16765+3780581]
	GetHandleVerifier [0x00B1C392+3804178]
	GetHandleVerifier [0x00B16721+3780513]
	GetHandleVerifier [0x00B174B2+3783986]
	GetHandleVerifier [0x00B16A47+3781319]
	GetHandleVerifier [0x00B16E36+3782326]
	GetHandleVerifier [0x00B16765+3780581]
	GetHandleVerifier [0x00B1B655+3800789]
	GetHandleVerifier [0x00B16721+3780513]
	GetHandleVerifier [0x00B174B2+3783986]
	GetHandleVerifier [0x00B16A47+3781319]
	GetHandleVerifier [0x00B16E36+3782326]
	GetHandleVerifier [0x00B16765+3780581]
	GetHandleVerifier [0x00B12F46+3766214]
	GetHandleVerifier [0x00B16721+3780513]
	GetHandleVerifier [0x00B16543+3780035]
	GetHandleVerifier [0x00B16337+3779511]
	GetHandleVerifier [0x00B24540+3837376]
	GetHandleVerifier [0x00B5F4BC+4078908]
	GetHandleVerifier [0x00B5E56C+4074988]
	GetHandleVerifier [0x00B5B2EB+4062059]
	GetHandleVerifier [0x00B3ED14+3945876]
	GetHandleVerifier [0x00B3FBCE+3949646]
	GetHandleVerifier [0x00B3FB59+3949529]
	Ordinal0 [0x0073B5CC+46540]
	Ordinal0 [0x00739F53+40787]
	Ordinal0 [0x00739B12+39698]
	GetHandleVerifier [0x00A41468+2907368]
	GetHandleVerifier [0x008871EE+1096302]
	GetHandleVerifier [0x00843E8D+821005]
	GetHandleVerifier [0x0084396B+819691]
	GetHandleVerifier [0x00843881+819457]
	GetHandleVerifier [0x0086F463+998627]
	BaseThreadInitThunk [0x76566359+25]
	RtlGetAppContainerNamedObjectPath [0x77558944+228]
	RtlGetAppContainerNamedObjectPath [0x77558914+180]
">
      <![CDATA[org.openqa.selenium.SessionNotCreatedException: session not created
from timeout: Timed out receiving message from renderer: 600.000
  (Session info: chrome=88.0.4324.150)
Build info: version: '3.5.3', revision: 'a88d25fe6b', time: '2017-08-29T12:42:44.417Z'
System info: host: 'DEBU', ip: '192.168.29.185', os.name: 'Windows 10', os.arch: 'amd64', os.version: '10.0', java.version: '1.8.0_131'
Driver info: driver.version: ChromeDriver
remote stacktrace: Backtrace:
GetHandleVerifier [0x0077B963+483]
GetHandleVerifier [0x0077B941+449]
GetHandleVerifier [0x00B23308+3832712]
GetHandleVerifier [0x00B1778C+3784716]
GetHandleVerifier [0x00B16A47+3781319]
GetHandleVerifier [0x00B16E36+3782326]
GetHandleVerifier [0x00B16765+3780581]
GetHandleVerifier [0x00B1FB21+3818401]
GetHandleVerifier [0x00B16721+3780513]
GetHandleVerifier [0x00B174B2+3783986]
GetHandleVerifier [0x00B16A47+3781319]
GetHandleVerifier [0x00B16E36+3782326]
GetHandleVerifier [0x00B16765+3780581]
GetHandleVerifier [0x00B1DF9C+3811356]
GetHandleVerifier [0x00B16721+3780513]
GetHandleVerifier [0x00B174B2+3783986]
GetHandleVerifier [0x00B16A47+3781319]
GetHandleVerifier [0x00B16E36+3782326]
GetHandleVerifier [0x00B16765+3780581]
GetHandleVerifier [0x00B1C392+3804178]
GetHandleVerifier [0x00B16721+3780513]
GetHandleVerifier [0x00B174B2+3783986]
GetHandleVerifier [0x00B16A47+3781319]
GetHandleVerifier [0x00B16E36+3782326]
GetHandleVerifier [0x00B16765+3780581]
GetHandleVerifier [0x00B1B655+3800789]
GetHandleVerifier [0x00B16721+3780513]
GetHandleVerifier [0x00B174B2+3783986]
GetHandleVerifier [0x00B16A47+3781319]
GetHandleVerifier [0x00B16E36+3782326]
GetHandleVerifier [0x00B16765+3780581]
GetHandleVerifier [0x00B12F46+3766214]
GetHandleVerifier [0x00B16721+3780513]
GetHandleVerifier [0x00B16543+3780035]
GetHandleVerifier [0x00B16337+3779511]
GetHandleVerifier [0x00B24540+3837376]
GetHandleVerifier [0x00B5F4BC+4078908]
GetHandleVerifier [0x00B5E56C+4074988]
GetHandleVerifier [0x00B5B2EB+4062059]
GetHandleVerifier [0x00B3ED14+3945876]
GetHandleVerifier [0x00B3FBCE+3949646]
GetHandleVerifier [0x00B3FB59+3949529]
Ordinal0 [0x0073B5CC+46540]
Ordinal0 [0x00739F53+40787]
Ordinal0 [0x00739B12+39698]
GetHandleVerifier [0x00A41468+2907368]
GetHandleVerifier [0x008871EE+1096302]
GetHandleVerifier [0x00843E8D+821005]
GetHandleVerifier [0x0084396B+819691]
GetHandleVerifier [0x00843881+819457]
GetHandleVerifier [0x0086F463+998627]
BaseThreadInitThunk [0x76566359+25]
RtlGetAppContainerNamedObjectPath [0x77558944+228]
RtlGetAppContainerNamedObjectPath [0x77558914+180]

at org.openqa.selenium.remote.W3CHandshakeResponse.lambda$new$0(W3CHandshakeResponse.java:57)
at org.openqa.selenium.remote.W3CHandshakeResponse.lambda$getResponseFunction$2(W3CHandshakeResponse.java:104)
at org.openqa.selenium.remote.ProtocolHandshake.lambda$createSession$24(ProtocolHandshake.java:359)
at java.util.stream.ReferencePipeline$3$1.accept(ReferencePipeline.java:193)
at java.util.Spliterators$ArraySpliterator.tryAdvance(Spliterators.java:958)
at java.util.stream.ReferencePipeline.forEachWithCancel(ReferencePipeline.java:126)
at java.util.stream.AbstractPipeline.copyIntoWithCancel(AbstractPipeline.java:498)
at java.util.stream.AbstractPipeline.copyInto(AbstractPipeline.java:485)
at java.util.stream.AbstractPipeline.wrapAndCopyInto(AbstractPipeline.java:471)
at java.util.stream.FindOps$FindOp.evaluateSequential(FindOps.java:152)
at java.util.stream.AbstractPipeline.evaluate(AbstractPipeline.java:234)
at java.util.stream.ReferencePipeline.findFirst(ReferencePipeline.java:464)
at org.openqa.selenium.remote.ProtocolHandshake.createSession(ProtocolHandshake.java:362)
at org.openqa.selenium.remote.ProtocolHandshake.createSession(ProtocolHandshake.java:136)
at org.openqa.selenium.remote.HttpCommandExecutor.execute(HttpCommandExecutor.java:142)
at org.openqa.selenium.remote.service.DriverCommandExecutor.execute(DriverCommandExecutor.java:82)
at org.openqa.selenium.remote.RemoteWebDriver.execute(RemoteWebDriver.java:646)
at org.openqa.selenium.remote.RemoteWebDriver.startSession(RemoteWebDriver.java:255)
at org.openqa.selenium.remote.RemoteWebDriver.startSession(RemoteWebDriver.java:237)
at org.openqa.selenium.remote.RemoteWebDriver.<init>(RemoteWebDriver.java:138)
at org.openqa.selenium.chrome.ChromeDriver.<init>(ChromeDriver.java:178)
at org.openqa.selenium.chrome.ChromeDriver.<init>(ChromeDriver.java:167)
at org.openqa.selenium.chrome.ChromeDriver.<init>(ChromeDriver.java:124)
at com.sauce.qa.base.TestBase.intialization(TestBase.java:43)
at com.sauce.qa.testcases.HomePageTest.setUp(HomePageTest.java:29)
at java.util.ArrayList.forEach(ArrayList.java:1249)
... Removed 45 stack frames]]>
    </failure>
  </testcase> <!-- @BeforeMethod setUp -->
  <testcase name="@AfterMethod tearDown" time="-1.613104258099E9" classname="com.sauce.qa.testcases.HomePageTest">
    <skipped/>
  </testcase> <!-- @AfterMethod tearDown -->
  <testcase name="@BeforeMethod setUp" time="-1.613104258099E9" classname="com.sauce.qa.testcases.HomePageTest">
    <skipped/>
  </testcase> <!-- @BeforeMethod setUp -->
  <testcase name="@AfterMethod tearDown" time="-1.613104258099E9" classname="com.sauce.qa.testcases.HomePageTest">
    <skipped/>
  </testcase> <!-- @AfterMethod tearDown -->
  <testcase name="@BeforeMethod setUp" time="602.531" classname="com.sauce.qa.testcases.LoginPageTest">
    <failure type="org.openqa.selenium.SessionNotCreatedException" message="session not created
from timeout: Timed out receiving message from renderer: 600.000
  (Session info: chrome=88.0.4324.150)
Build info: version: &amp;apos;3.5.3&amp;apos;, revision: &amp;apos;a88d25fe6b&amp;apos;, time: &amp;apos;2017-08-29T12:42:44.417Z&amp;apos;
System info: host: &amp;apos;DEBU&amp;apos;, ip: &amp;apos;192.168.29.185&amp;apos;, os.name: &amp;apos;Windows 10&amp;apos;, os.arch: &amp;apos;amd64&amp;apos;, os.version: &amp;apos;10.0&amp;apos;, java.version: &amp;apos;1.8.0_131&amp;apos;
Driver info: driver.version: ChromeDriver
remote stacktrace: Backtrace:
	GetHandleVerifier [0x0077B963+483]
	GetHandleVerifier [0x0077B941+449]
	GetHandleVerifier [0x00B23308+3832712]
	GetHandleVerifier [0x00B1778C+3784716]
	GetHandleVerifier [0x00B16A47+3781319]
	GetHandleVerifier [0x00B16E36+3782326]
	GetHandleVerifier [0x00B16765+3780581]
	GetHandleVerifier [0x00B1FB21+3818401]
	GetHandleVerifier [0x00B16721+3780513]
	GetHandleVerifier [0x00B174B2+3783986]
	GetHandleVerifier [0x00B16A47+3781319]
	GetHandleVerifier [0x00B16E36+3782326]
	GetHandleVerifier [0x00B16765+3780581]
	GetHandleVerifier [0x00B1DF9C+3811356]
	GetHandleVerifier [0x00B16721+3780513]
	GetHandleVerifier [0x00B174B2+3783986]
	GetHandleVerifier [0x00B16A47+3781319]
	GetHandleVerifier [0x00B16E36+3782326]
	GetHandleVerifier [0x00B16765+3780581]
	GetHandleVerifier [0x00B1C392+3804178]
	GetHandleVerifier [0x00B16721+3780513]
	GetHandleVerifier [0x00B174B2+3783986]
	GetHandleVerifier [0x00B16A47+3781319]
	GetHandleVerifier [0x00B16E36+3782326]
	GetHandleVerifier [0x00B16765+3780581]
	GetHandleVerifier [0x00B1B655+3800789]
	GetHandleVerifier [0x00B16721+3780513]
	GetHandleVerifier [0x00B174B2+3783986]
	GetHandleVerifier [0x00B16A47+3781319]
	GetHandleVerifier [0x00B16E36+3782326]
	GetHandleVerifier [0x00B16765+3780581]
	GetHandleVerifier [0x00B12F46+3766214]
	GetHandleVerifier [0x00B16721+3780513]
	GetHandleVerifier [0x00B16543+3780035]
	GetHandleVerifier [0x00B16337+3779511]
	GetHandleVerifier [0x00B24540+3837376]
	GetHandleVerifier [0x00B5F4BC+4078908]
	GetHandleVerifier [0x00B5E56C+4074988]
	GetHandleVerifier [0x00B5B2EB+4062059]
	GetHandleVerifier [0x00B3ED14+3945876]
	GetHandleVerifier [0x00B3FBCE+3949646]
	GetHandleVerifier [0x00B3FB59+3949529]
	Ordinal0 [0x0073B5CC+46540]
	Ordinal0 [0x00739F53+40787]
	Ordinal0 [0x00739B12+39698]
	GetHandleVerifier [0x00A41468+2907368]
	GetHandleVerifier [0x008871EE+1096302]
	GetHandleVerifier [0x00843E8D+821005]
	GetHandleVerifier [0x0084396B+819691]
	GetHandleVerifier [0x00843881+819457]
	GetHandleVerifier [0x0086F463+998627]
	BaseThreadInitThunk [0x76566359+25]
	RtlGetAppContainerNamedObjectPath [0x77558944+228]
	RtlGetAppContainerNamedObjectPath [0x77558914+180]
">
      <![CDATA[org.openqa.selenium.SessionNotCreatedException: session not created
from timeout: Timed out receiving message from renderer: 600.000
  (Session info: chrome=88.0.4324.150)
Build info: version: '3.5.3', revision: 'a88d25fe6b', time: '2017-08-29T12:42:44.417Z'
System info: host: 'DEBU', ip: '192.168.29.185', os.name: 'Windows 10', os.arch: 'amd64', os.version: '10.0', java.version: '1.8.0_131'
Driver info: driver.version: ChromeDriver
remote stacktrace: Backtrace:
GetHandleVerifier [0x0077B963+483]
GetHandleVerifier [0x0077B941+449]
GetHandleVerifier [0x00B23308+3832712]
GetHandleVerifier [0x00B1778C+3784716]
GetHandleVerifier [0x00B16A47+3781319]
GetHandleVerifier [0x00B16E36+3782326]
GetHandleVerifier [0x00B16765+3780581]
GetHandleVerifier [0x00B1FB21+3818401]
GetHandleVerifier [0x00B16721+3780513]
GetHandleVerifier [0x00B174B2+3783986]
GetHandleVerifier [0x00B16A47+3781319]
GetHandleVerifier [0x00B16E36+3782326]
GetHandleVerifier [0x00B16765+3780581]
GetHandleVerifier [0x00B1DF9C+3811356]
GetHandleVerifier [0x00B16721+3780513]
GetHandleVerifier [0x00B174B2+3783986]
GetHandleVerifier [0x00B16A47+3781319]
GetHandleVerifier [0x00B16E36+3782326]
GetHandleVerifier [0x00B16765+3780581]
GetHandleVerifier [0x00B1C392+3804178]
GetHandleVerifier [0x00B16721+3780513]
GetHandleVerifier [0x00B174B2+3783986]
GetHandleVerifier [0x00B16A47+3781319]
GetHandleVerifier [0x00B16E36+3782326]
GetHandleVerifier [0x00B16765+3780581]
GetHandleVerifier [0x00B1B655+3800789]
GetHandleVerifier [0x00B16721+3780513]
GetHandleVerifier [0x00B174B2+3783986]
GetHandleVerifier [0x00B16A47+3781319]
GetHandleVerifier [0x00B16E36+3782326]
GetHandleVerifier [0x00B16765+3780581]
GetHandleVerifier [0x00B12F46+3766214]
GetHandleVerifier [0x00B16721+3780513]
GetHandleVerifier [0x00B16543+3780035]
GetHandleVerifier [0x00B16337+3779511]
GetHandleVerifier [0x00B24540+3837376]
GetHandleVerifier [0x00B5F4BC+4078908]
GetHandleVerifier [0x00B5E56C+4074988]
GetHandleVerifier [0x00B5B2EB+4062059]
GetHandleVerifier [0x00B3ED14+3945876]
GetHandleVerifier [0x00B3FBCE+3949646]
GetHandleVerifier [0x00B3FB59+3949529]
Ordinal0 [0x0073B5CC+46540]
Ordinal0 [0x00739F53+40787]
Ordinal0 [0x00739B12+39698]
GetHandleVerifier [0x00A41468+2907368]
GetHandleVerifier [0x008871EE+1096302]
GetHandleVerifier [0x00843E8D+821005]
GetHandleVerifier [0x0084396B+819691]
GetHandleVerifier [0x00843881+819457]
GetHandleVerifier [0x0086F463+998627]
BaseThreadInitThunk [0x76566359+25]
RtlGetAppContainerNamedObjectPath [0x77558944+228]
RtlGetAppContainerNamedObjectPath [0x77558914+180]

at org.openqa.selenium.remote.W3CHandshakeResponse.lambda$new$0(W3CHandshakeResponse.java:57)
at org.openqa.selenium.remote.W3CHandshakeResponse.lambda$getResponseFunction$2(W3CHandshakeResponse.java:104)
at org.openqa.selenium.remote.ProtocolHandshake.lambda$createSession$24(ProtocolHandshake.java:359)
at java.util.stream.ReferencePipeline$3$1.accept(ReferencePipeline.java:193)
at java.util.Spliterators$ArraySpliterator.tryAdvance(Spliterators.java:958)
at java.util.stream.ReferencePipeline.forEachWithCancel(ReferencePipeline.java:126)
at java.util.stream.AbstractPipeline.copyIntoWithCancel(AbstractPipeline.java:498)
at java.util.stream.AbstractPipeline.copyInto(AbstractPipeline.java:485)
at java.util.stream.AbstractPipeline.wrapAndCopyInto(AbstractPipeline.java:471)
at java.util.stream.FindOps$FindOp.evaluateSequential(FindOps.java:152)
at java.util.stream.AbstractPipeline.evaluate(AbstractPipeline.java:234)
at java.util.stream.ReferencePipeline.findFirst(ReferencePipeline.java:464)
at org.openqa.selenium.remote.ProtocolHandshake.createSession(ProtocolHandshake.java:362)
at org.openqa.selenium.remote.ProtocolHandshake.createSession(ProtocolHandshake.java:136)
at org.openqa.selenium.remote.HttpCommandExecutor.execute(HttpCommandExecutor.java:142)
at org.openqa.selenium.remote.service.DriverCommandExecutor.execute(DriverCommandExecutor.java:82)
at org.openqa.selenium.remote.RemoteWebDriver.execute(RemoteWebDriver.java:646)
at org.openqa.selenium.remote.RemoteWebDriver.startSession(RemoteWebDriver.java:255)
at org.openqa.selenium.remote.RemoteWebDriver.startSession(RemoteWebDriver.java:237)
at org.openqa.selenium.remote.RemoteWebDriver.<init>(RemoteWebDriver.java:138)
at org.openqa.selenium.chrome.ChromeDriver.<init>(ChromeDriver.java:178)
at org.openqa.selenium.chrome.ChromeDriver.<init>(ChromeDriver.java:167)
at org.openqa.selenium.chrome.ChromeDriver.<init>(ChromeDriver.java:124)
at com.sauce.qa.base.TestBase.intialization(TestBase.java:43)
at com.sauce.qa.testcases.LoginPageTest.setUp(LoginPageTest.java:23)
at java.util.ArrayList.forEach(ArrayList.java:1249)
... Removed 45 stack frames]]>
    </failure>
  </testcase> <!-- @BeforeMethod setUp -->
  <testcase name="@AfterMethod tearDown" time="-1.613104860634E9" classname="com.sauce.qa.testcases.LoginPageTest">
    <skipped/>
  </testcase> <!-- @AfterMethod tearDown -->
  <testcase name="clickonAddtoCartTest" time="0.0" classname="com.sauce.qa.testcases.CartPageTest">
    <skipped/>
  </testcase> <!-- clickonAddtoCartTest -->
  <testcase name="viewCartPageTest" time="0.0" classname="com.sauce.qa.testcases.CartPageTest">
    <skipped/>
  </testcase> <!-- viewCartPageTest -->
  <testcase name="removeitemFromCart" time="0.0" classname="com.sauce.qa.testcases.CartPageTest">
    <skipped/>
  </testcase> <!-- removeitemFromCart -->
  <testcase name="clickonAddtoCartTest" time="0.0" classname="com.sauce.qa.testcases.HomePageTest">
    <skipped/>
  </testcase> <!-- clickonAddtoCartTest -->
  <testcase name="viewCartPageTest" time="0.0" classname="com.sauce.qa.testcases.HomePageTest">
    <skipped/>
  </testcase> <!-- viewCartPageTest -->
  <testcase name="sortTheProductsTest" time="0.0" classname="com.sauce.qa.testcases.HomePageTest">
    <failure type="org.testng.TestNGException" message="
Cannot inject @Test annotated Method [sortTheProductsTest] with [class java.lang.String].
For more information on native dependency injection please refer to https://testng.org/doc/documentation-main.html#native-dependency-injection">
      <![CDATA[org.testng.TestNGException: 
Cannot inject @Test annotated Method [sortTheProductsTest] with [class java.lang.String].
For more information on native dependency injection please refer to https://testng.org/doc/documentation-main.html#native-dependency-injection
at java.util.ArrayList.forEach(ArrayList.java:1249)
... Removed 36 stack frames]]>
    </failure>
  </testcase> <!-- sortTheProductsTest -->
  <testcase name="loginTest" time="0.0" classname="com.sauce.qa.testcases.LoginPageTest">
    <skipped/>
  </testcase> <!-- loginTest -->
</testsuite> <!-- Command line test -->
