<!DOCTYPE html>

<html>
  <head>
  <meta charset='utf-8'>
  <title>TestNG reports</title>

    <link type="text/css" href="testng-reports1.css" rel="stylesheet" id="ultra" />
    <link type="text/css" href="testng-reports.css" rel="stylesheet" id="retro" disabled="false"/>
    <script type="text/javascript" src="jquery-3.4.1.min.js"></script>
    <script type="text/javascript" src="testng-reports.js"></script>
    <script type="text/javascript" src="https://www.google.com/jsapi"></script>
    <script type='text/javascript'>
      google.load('visualization', '1', {packages:['table']});
      google.setOnLoadCallback(drawTable);
      var suiteTableInitFunctions = new Array();
      var suiteTableData = new Array();
    </script>
    <!--
      <script type="text/javascript" src="jquery-ui/js/jquery-ui-1.8.16.custom.min.js"></script>
     -->
  </head>

  <body>
    <div class="top-banner-root">
      <span class="top-banner-title-font">Test results</span>
      <button class="button" id="button">Switch Retro Theme</button> <!-- button -->
      <br/>
      <span class="top-banner-font-1">1 suite, 1 failed test</span>
    </div> <!-- top-banner-root -->
    <div class="navigator-root">
      <div class="navigator-suite-header">
        <span>All suites</span>
        <a href="#" class="collapse-all-link" title="Collapse/expand all the suites">
          <img class="collapse-all-icon" src="collapseall.gif">
          </img> <!-- collapse-all-icon -->
        </a> <!-- collapse-all-link -->
      </div> <!-- navigator-suite-header -->
      <div class="suite">
        <div class="rounded-window">
          <div class="suite-header light-rounded-window-top">
            <a href="#" class="navigator-link" panel-name="suite-Command_line_suite">
              <span class="suite-name border-failed">Command line suite</span>
            </a> <!-- navigator-link -->
          </div> <!-- suite-header light-rounded-window-top -->
          <div class="navigator-suite-content">
            <div class="suite-section-title">
              <span>Info</span>
            </div> <!-- suite-section-title -->
            <div class="suite-section-content">
              <ul>
                <li>
                  <a href="#" class="navigator-link " panel-name="test-xml-Command_line_suite">
                    <span>[unset file name]</span>
                  </a> <!-- navigator-link  -->
                </li>
                <li>
                  <a href="#" class="navigator-link " panel-name="testlist-Command_line_suite">
                    <span class="test-stats">1 test</span>
                  </a> <!-- navigator-link  -->
                </li>
                <li>
                  <a href="#" class="navigator-link " panel-name="group-Command_line_suite">
                    <span>0 groups</span>
                  </a> <!-- navigator-link  -->
                </li>
                <li>
                  <a href="#" class="navigator-link " panel-name="times-Command_line_suite">
                    <span>Times</span>
                  </a> <!-- navigator-link  -->
                </li>
                <li>
                  <a href="#" class="navigator-link " panel-name="reporter-Command_line_suite">
                    <span>Reporter output</span>
                  </a> <!-- navigator-link  -->
                </li>
                <li>
                  <a href="#" class="navigator-link " panel-name="ignored-methods-Command_line_suite">
                    <span>Ignored methods</span>
                  </a> <!-- navigator-link  -->
                </li>
                <li>
                  <a href="#" class="navigator-link " panel-name="chronological-Command_line_suite">
                    <span>Chronological view</span>
                  </a> <!-- navigator-link  -->
                </li>
              </ul>
            </div> <!-- suite-section-content -->
            <div class="result-section">
              <div class="suite-section-title">
                <span>Results</span>
              </div> <!-- suite-section-title -->
              <div class="suite-section-content">
                <ul>
                  <li>
                    <span class="method-stats">7 methods, 1 failed,  6 skipped,  </span>
                  </li>
                  <li>
                    <span class="method-list-title failed">Failed methods</span>
                    <span class="show-or-hide-methods failed">
                      <a href="#" panel-name="suite-Command_line_suite" class="hide-methods failed suite-Command_line_suite"> (hide)</a> <!-- hide-methods failed suite-Command_line_suite -->
                      <a href="#" panel-name="suite-Command_line_suite" class="show-methods failed suite-Command_line_suite"> (show)</a> <!-- show-methods failed suite-Command_line_suite -->
                    </span>
                    <div class="method-list-content failed suite-Command_line_suite">
                      <span>
                        <img width="3%" src="failed.png"/>
                        <a href="#" class="method navigator-link" panel-name="suite-Command_line_suite" title="com.sauce.qa.testcases.HomePageTest" hash-for-method="sortTheProductsTest">sortTheProductsTest</a> <!-- method navigator-link -->
                      </span>
                      <br/>
                    </div> <!-- method-list-content failed suite-Command_line_suite -->
                  </li>
                  <li>
                    <span class="method-list-title skipped">Skipped methods</span>
                    <span class="show-or-hide-methods skipped">
                      <a href="#" panel-name="suite-Command_line_suite" class="hide-methods skipped suite-Command_line_suite"> (hide)</a> <!-- hide-methods skipped suite-Command_line_suite -->
                      <a href="#" panel-name="suite-Command_line_suite" class="show-methods skipped suite-Command_line_suite"> (show)</a> <!-- show-methods skipped suite-Command_line_suite -->
                    </span>
                    <div class="method-list-content skipped suite-Command_line_suite">
                      <span>
                        <img width="3%" src="skipped.png"/>
                        <a href="#" class="method navigator-link" panel-name="suite-Command_line_suite" title="com.sauce.qa.testcases.HomePageTest" hash-for-method="clickonAddtoCartTest">clickonAddtoCartTest</a> <!-- method navigator-link -->
                      </span>
                      <br/>
                      <span>
                        <img width="3%" src="skipped.png"/>
                        <a href="#" class="method navigator-link" panel-name="suite-Command_line_suite" title="com.sauce.qa.testcases.CartPageTest" hash-for-method="clickonAddtoCartTest">clickonAddtoCartTest</a> <!-- method navigator-link -->
                      </span>
                      <br/>
                      <span>
                        <img width="3%" src="skipped.png"/>
                        <a href="#" class="method navigator-link" panel-name="suite-Command_line_suite" title="com.sauce.qa.testcases.LoginPageTest" hash-for-method="loginTest">loginTest</a> <!-- method navigator-link -->
                      </span>
                      <br/>
                      <span>
                        <img width="3%" src="skipped.png"/>
                        <a href="#" class="method navigator-link" panel-name="suite-Command_line_suite" title="com.sauce.qa.testcases.CartPageTest" hash-for-method="removeitemFromCart">removeitemFromCart</a> <!-- method navigator-link -->
                      </span>
                      <br/>
                      <span>
                        <img width="3%" src="skipped.png"/>
                        <a href="#" class="method navigator-link" panel-name="suite-Command_line_suite" title="com.sauce.qa.testcases.HomePageTest" hash-for-method="viewCartPageTest">viewCartPageTest</a> <!-- method navigator-link -->
                      </span>
                      <br/>
                      <span>
                        <img width="3%" src="skipped.png"/>
                        <a href="#" class="method navigator-link" panel-name="suite-Command_line_suite" title="com.sauce.qa.testcases.CartPageTest" hash-for-method="viewCartPageTest">viewCartPageTest</a> <!-- method navigator-link -->
                      </span>
                      <br/>
                    </div> <!-- method-list-content skipped suite-Command_line_suite -->
                  </li>
                </ul>
              </div> <!-- suite-section-content -->
            </div> <!-- result-section -->
          </div> <!-- navigator-suite-content -->
        </div> <!-- rounded-window -->
      </div> <!-- suite -->
    </div> <!-- navigator-root -->
    <div class="wrapper">
      <div class="main-panel-root">
        <div panel-name="suite-Command_line_suite" class="panel Command_line_suite">
          <div class="suite-Command_line_suite-class-failed">
            <div class="main-panel-header rounded-window-top">
              <img src="failed.png"/>
              <span class="class-name">com.sauce.qa.testcases.HomePageTest</span>
            </div> <!-- main-panel-header rounded-window-top -->
            <div class="main-panel-content rounded-window-bottom">
              <div class="method">
                <div class="method-content">
                  <a name="sortTheProductsTest">
                  </a> <!-- sortTheProductsTest -->
                  <span class="method-name">sortTheProductsTest</span>
                  <div class="stack-trace">org.testng.TestNGException: 
Cannot inject @Test annotated Method [sortTheProductsTest] with [class java.lang.String].
For more information on native dependency injection please refer to https://testng.org/doc/documentation-main.html#native-dependency-injection
	at java.util.ArrayList.forEach(ArrayList.java:1249)
... Removed 36 stack frames
</div> <!-- stack-trace -->
                </div> <!-- method-content -->
              </div> <!-- method -->
            </div> <!-- main-panel-content rounded-window-bottom -->
          </div> <!-- suite-Command_line_suite-class-failed -->
          <div class="suite-Command_line_suite-class-skipped">
            <div class="main-panel-header rounded-window-top">
              <img src="skipped.png"/>
              <span class="class-name">com.sauce.qa.testcases.CartPageTest</span>
            </div> <!-- main-panel-header rounded-window-top -->
            <div class="main-panel-content rounded-window-bottom">
              <div class="method">
                <div class="method-content">
                  <a name="clickonAddtoCartTest">
                  </a> <!-- clickonAddtoCartTest -->
                  <span class="method-name">clickonAddtoCartTest</span>
                  <div class="stack-trace">org.openqa.selenium.SessionNotCreatedException: session not created
from timeout: Timed out receiving message from renderer: 600.000
  (Session info: chrome=88.0.4324.150)
Build info: version: &apos;3.5.3&apos;, revision: &apos;a88d25fe6b&apos;, time: &apos;2017-08-29T12:42:44.417Z&apos;
System info: host: &apos;DEBU&apos;, ip: &apos;192.168.29.185&apos;, os.name: &apos;Windows 10&apos;, os.arch: &apos;amd64&apos;, os.version: &apos;10.0&apos;, java.version: &apos;1.8.0_131&apos;
Driver info: driver.version: ChromeDriver
remote stacktrace: Backtrace:
	GetHandleVerifier [0x0077B963+483]
	GetHandleVerifier [0x0077B941+449]
	GetHandleVerifier [0x00B23308+3832712]
	GetHandleVerifier [0x00B1778C+3784716]
	GetHandleVerifier [0x00B16A47+3781319]
	GetHandleVerifier [0x00B16E36+3782326]
	GetHandleVerifier [0x00B16765+3780581]
	GetHandleVerifier [0x00B1C420+3804320]
	GetHandleVerifier [0x00B16721+3780513]
	GetHandleVerifier [0x00B174B2+3783986]
	GetHandleVerifier [0x00B16A47+3781319]
	GetHandleVerifier [0x00B16E36+3782326]
	GetHandleVerifier [0x00B16765+3780581]
	GetHandleVerifier [0x00B1B655+3800789]
	GetHandleVerifier [0x00B16721+3780513]
	GetHandleVerifier [0x00B174B2+3783986]
	GetHandleVerifier [0x00B16A47+3781319]
	GetHandleVerifier [0x00B16E36+3782326]
	GetHandleVerifier [0x00B16765+3780581]
	GetHandleVerifier [0x00B12F46+3766214]
	GetHandleVerifier [0x00B16721+3780513]
	GetHandleVerifier [0x00B16543+3780035]
	GetHandleVerifier [0x00B16337+3779511]
	GetHandleVerifier [0x00B24540+3837376]
	GetHandleVerifier [0x00B5F4BC+4078908]
	GetHandleVerifier [0x00B5E56C+4074988]
	GetHandleVerifier [0x00B5B2EB+4062059]
	GetHandleVerifier [0x00B3ED14+3945876]
	GetHandleVerifier [0x00B3FBCE+3949646]
	GetHandleVerifier [0x00B3FB59+3949529]
	Ordinal0 [0x0073B5CC+46540]
	Ordinal0 [0x00739F53+40787]
	Ordinal0 [0x00739B12+39698]
	GetHandleVerifier [0x00A41468+2907368]
	GetHandleVerifier [0x008871EE+1096302]
	GetHandleVerifier [0x00843E8D+821005]
	GetHandleVerifier [0x0084396B+819691]
	GetHandleVerifier [0x00843881+819457]
	GetHandleVerifier [0x0086F463+998627]
	BaseThreadInitThunk [0x76566359+25]
	RtlGetAppContainerNamedObjectPath [0x77558944+228]
	RtlGetAppContainerNamedObjectPath [0x77558914+180]

	at org.openqa.selenium.remote.W3CHandshakeResponse.lambda$new$0(W3CHandshakeResponse.java:57)
	at org.openqa.selenium.remote.W3CHandshakeResponse.lambda$getResponseFunction$2(W3CHandshakeResponse.java:104)
	at org.openqa.selenium.remote.ProtocolHandshake.lambda$createSession$24(ProtocolHandshake.java:359)
	at java.util.stream.ReferencePipeline$3$1.accept(ReferencePipeline.java:193)
	at java.util.Spliterators$ArraySpliterator.tryAdvance(Spliterators.java:958)
	at java.util.stream.ReferencePipeline.forEachWithCancel(ReferencePipeline.java:126)
	at java.util.stream.AbstractPipeline.copyIntoWithCancel(AbstractPipeline.java:498)
	at java.util.stream.AbstractPipeline.copyInto(AbstractPipeline.java:485)
	at java.util.stream.AbstractPipeline.wrapAndCopyInto(AbstractPipeline.java:471)
	at java.util.stream.FindOps$FindOp.evaluateSequential(FindOps.java:152)
	at java.util.stream.AbstractPipeline.evaluate(AbstractPipeline.java:234)
	at java.util.stream.ReferencePipeline.findFirst(ReferencePipeline.java:464)
	at org.openqa.selenium.remote.ProtocolHandshake.createSession(ProtocolHandshake.java:362)
	at org.openqa.selenium.remote.ProtocolHandshake.createSession(ProtocolHandshake.java:136)
	at org.openqa.selenium.remote.HttpCommandExecutor.execute(HttpCommandExecutor.java:142)
	at org.openqa.selenium.remote.service.DriverCommandExecutor.execute(DriverCommandExecutor.java:82)
	at org.openqa.selenium.remote.RemoteWebDriver.execute(RemoteWebDriver.java:646)
	at org.openqa.selenium.remote.RemoteWebDriver.startSession(RemoteWebDriver.java:255)
	at org.openqa.selenium.remote.RemoteWebDriver.startSession(RemoteWebDriver.java:237)
	at org.openqa.selenium.remote.RemoteWebDriver.&lt;init&gt;(RemoteWebDriver.java:138)
	at org.openqa.selenium.chrome.ChromeDriver.&lt;init&gt;(ChromeDriver.java:178)
	at org.openqa.selenium.chrome.ChromeDriver.&lt;init&gt;(ChromeDriver.java:167)
	at org.openqa.selenium.chrome.ChromeDriver.&lt;init&gt;(ChromeDriver.java:124)
	at com.sauce.qa.base.TestBase.intialization(TestBase.java:43)
	at com.sauce.qa.testcases.CartPageTest.SetUp(CartPageTest.java:26)
	at java.util.ArrayList.forEach(ArrayList.java:1249)
... Removed 45 stack frames
</div> <!-- stack-trace -->
                </div> <!-- method-content -->
              </div> <!-- method -->
              <div class="method">
                <div class="method-content">
                  <a name="removeitemFromCart">
                  </a> <!-- removeitemFromCart -->
                  <span class="method-name">removeitemFromCart</span>
                  <div class="stack-trace">org.openqa.selenium.SessionNotCreatedException: session not created
from timeout: Timed out receiving message from renderer: 600.000
  (Session info: chrome=88.0.4324.150)
Build info: version: &apos;3.5.3&apos;, revision: &apos;a88d25fe6b&apos;, time: &apos;2017-08-29T12:42:44.417Z&apos;
System info: host: &apos;DEBU&apos;, ip: &apos;192.168.29.185&apos;, os.name: &apos;Windows 10&apos;, os.arch: &apos;amd64&apos;, os.version: &apos;10.0&apos;, java.version: &apos;1.8.0_131&apos;
Driver info: driver.version: ChromeDriver
remote stacktrace: Backtrace:
	GetHandleVerifier [0x0077B963+483]
	GetHandleVerifier [0x0077B941+449]
	GetHandleVerifier [0x00B23308+3832712]
	GetHandleVerifier [0x00B1778C+3784716]
	GetHandleVerifier [0x00B16A47+3781319]
	GetHandleVerifier [0x00B16E36+3782326]
	GetHandleVerifier [0x00B16765+3780581]
	GetHandleVerifier [0x00B1C420+3804320]
	GetHandleVerifier [0x00B16721+3780513]
	GetHandleVerifier [0x00B174B2+3783986]
	GetHandleVerifier [0x00B16A47+3781319]
	GetHandleVerifier [0x00B16E36+3782326]
	GetHandleVerifier [0x00B16765+3780581]
	GetHandleVerifier [0x00B1B655+3800789]
	GetHandleVerifier [0x00B16721+3780513]
	GetHandleVerifier [0x00B174B2+3783986]
	GetHandleVerifier [0x00B16A47+3781319]
	GetHandleVerifier [0x00B16E36+3782326]
	GetHandleVerifier [0x00B16765+3780581]
	GetHandleVerifier [0x00B12F46+3766214]
	GetHandleVerifier [0x00B16721+3780513]
	GetHandleVerifier [0x00B16543+3780035]
	GetHandleVerifier [0x00B16337+3779511]
	GetHandleVerifier [0x00B24540+3837376]
	GetHandleVerifier [0x00B5F4BC+4078908]
	GetHandleVerifier [0x00B5E56C+4074988]
	GetHandleVerifier [0x00B5B2EB+4062059]
	GetHandleVerifier [0x00B3ED14+3945876]
	GetHandleVerifier [0x00B3FBCE+3949646]
	GetHandleVerifier [0x00B3FB59+3949529]
	Ordinal0 [0x0073B5CC+46540]
	Ordinal0 [0x00739F53+40787]
	Ordinal0 [0x00739B12+39698]
	GetHandleVerifier [0x00A41468+2907368]
	GetHandleVerifier [0x008871EE+1096302]
	GetHandleVerifier [0x00843E8D+821005]
	GetHandleVerifier [0x0084396B+819691]
	GetHandleVerifier [0x00843881+819457]
	GetHandleVerifier [0x0086F463+998627]
	BaseThreadInitThunk [0x76566359+25]
	RtlGetAppContainerNamedObjectPath [0x77558944+228]
	RtlGetAppContainerNamedObjectPath [0x77558914+180]

	at org.openqa.selenium.remote.W3CHandshakeResponse.lambda$new$0(W3CHandshakeResponse.java:57)
	at org.openqa.selenium.remote.W3CHandshakeResponse.lambda$getResponseFunction$2(W3CHandshakeResponse.java:104)
	at org.openqa.selenium.remote.ProtocolHandshake.lambda$createSession$24(ProtocolHandshake.java:359)
	at java.util.stream.ReferencePipeline$3$1.accept(ReferencePipeline.java:193)
	at java.util.Spliterators$ArraySpliterator.tryAdvance(Spliterators.java:958)
	at java.util.stream.ReferencePipeline.forEachWithCancel(ReferencePipeline.java:126)
	at java.util.stream.AbstractPipeline.copyIntoWithCancel(AbstractPipeline.java:498)
	at java.util.stream.AbstractPipeline.copyInto(AbstractPipeline.java:485)
	at java.util.stream.AbstractPipeline.wrapAndCopyInto(AbstractPipeline.java:471)
	at java.util.stream.FindOps$FindOp.evaluateSequential(FindOps.java:152)
	at java.util.stream.AbstractPipeline.evaluate(AbstractPipeline.java:234)
	at java.util.stream.ReferencePipeline.findFirst(ReferencePipeline.java:464)
	at org.openqa.selenium.remote.ProtocolHandshake.createSession(ProtocolHandshake.java:362)
	at org.openqa.selenium.remote.ProtocolHandshake.createSession(ProtocolHandshake.java:136)
	at org.openqa.selenium.remote.HttpCommandExecutor.execute(HttpCommandExecutor.java:142)
	at org.openqa.selenium.remote.service.DriverCommandExecutor.execute(DriverCommandExecutor.java:82)
	at org.openqa.selenium.remote.RemoteWebDriver.execute(RemoteWebDriver.java:646)
	at org.openqa.selenium.remote.RemoteWebDriver.startSession(RemoteWebDriver.java:255)
	at org.openqa.selenium.remote.RemoteWebDriver.startSession(RemoteWebDriver.java:237)
	at org.openqa.selenium.remote.RemoteWebDriver.&lt;init&gt;(RemoteWebDriver.java:138)
	at org.openqa.selenium.chrome.ChromeDriver.&lt;init&gt;(ChromeDriver.java:178)
	at org.openqa.selenium.chrome.ChromeDriver.&lt;init&gt;(ChromeDriver.java:167)
	at org.openqa.selenium.chrome.ChromeDriver.&lt;init&gt;(ChromeDriver.java:124)
	at com.sauce.qa.base.TestBase.intialization(TestBase.java:43)
	at com.sauce.qa.testcases.CartPageTest.SetUp(CartPageTest.java:26)
	at java.util.ArrayList.forEach(ArrayList.java:1249)
... Removed 45 stack frames
</div> <!-- stack-trace -->
                </div> <!-- method-content -->
              </div> <!-- method -->
              <div class="method">
                <div class="method-content">
                  <a name="viewCartPageTest">
                  </a> <!-- viewCartPageTest -->
                  <span class="method-name">viewCartPageTest</span>
                  <div class="stack-trace">org.openqa.selenium.SessionNotCreatedException: session not created
from timeout: Timed out receiving message from renderer: 600.000
  (Session info: chrome=88.0.4324.150)
Build info: version: &apos;3.5.3&apos;, revision: &apos;a88d25fe6b&apos;, time: &apos;2017-08-29T12:42:44.417Z&apos;
System info: host: &apos;DEBU&apos;, ip: &apos;192.168.29.185&apos;, os.name: &apos;Windows 10&apos;, os.arch: &apos;amd64&apos;, os.version: &apos;10.0&apos;, java.version: &apos;1.8.0_131&apos;
Driver info: driver.version: ChromeDriver
remote stacktrace: Backtrace:
	GetHandleVerifier [0x0077B963+483]
	GetHandleVerifier [0x0077B941+449]
	GetHandleVerifier [0x00B23308+3832712]
	GetHandleVerifier [0x00B1778C+3784716]
	GetHandleVerifier [0x00B16A47+3781319]
	GetHandleVerifier [0x00B16E36+3782326]
	GetHandleVerifier [0x00B16765+3780581]
	GetHandleVerifier [0x00B1C420+3804320]
	GetHandleVerifier [0x00B16721+3780513]
	GetHandleVerifier [0x00B174B2+3783986]
	GetHandleVerifier [0x00B16A47+3781319]
	GetHandleVerifier [0x00B16E36+3782326]
	GetHandleVerifier [0x00B16765+3780581]
	GetHandleVerifier [0x00B1B655+3800789]
	GetHandleVerifier [0x00B16721+3780513]
	GetHandleVerifier [0x00B174B2+3783986]
	GetHandleVerifier [0x00B16A47+3781319]
	GetHandleVerifier [0x00B16E36+3782326]
	GetHandleVerifier [0x00B16765+3780581]
	GetHandleVerifier [0x00B12F46+3766214]
	GetHandleVerifier [0x00B16721+3780513]
	GetHandleVerifier [0x00B16543+3780035]
	GetHandleVerifier [0x00B16337+3779511]
	GetHandleVerifier [0x00B24540+3837376]
	GetHandleVerifier [0x00B5F4BC+4078908]
	GetHandleVerifier [0x00B5E56C+4074988]
	GetHandleVerifier [0x00B5B2EB+4062059]
	GetHandleVerifier [0x00B3ED14+3945876]
	GetHandleVerifier [0x00B3FBCE+3949646]
	GetHandleVerifier [0x00B3FB59+3949529]
	Ordinal0 [0x0073B5CC+46540]
	Ordinal0 [0x00739F53+40787]
	Ordinal0 [0x00739B12+39698]
	GetHandleVerifier [0x00A41468+2907368]
	GetHandleVerifier [0x008871EE+1096302]
	GetHandleVerifier [0x00843E8D+821005]
	GetHandleVerifier [0x0084396B+819691]
	GetHandleVerifier [0x00843881+819457]
	GetHandleVerifier [0x0086F463+998627]
	BaseThreadInitThunk [0x76566359+25]
	RtlGetAppContainerNamedObjectPath [0x77558944+228]
	RtlGetAppContainerNamedObjectPath [0x77558914+180]

	at org.openqa.selenium.remote.W3CHandshakeResponse.lambda$new$0(W3CHandshakeResponse.java:57)
	at org.openqa.selenium.remote.W3CHandshakeResponse.lambda$getResponseFunction$2(W3CHandshakeResponse.java:104)
	at org.openqa.selenium.remote.ProtocolHandshake.lambda$createSession$24(ProtocolHandshake.java:359)
	at java.util.stream.ReferencePipeline$3$1.accept(ReferencePipeline.java:193)
	at java.util.Spliterators$ArraySpliterator.tryAdvance(Spliterators.java:958)
	at java.util.stream.ReferencePipeline.forEachWithCancel(ReferencePipeline.java:126)
	at java.util.stream.AbstractPipeline.copyIntoWithCancel(AbstractPipeline.java:498)
	at java.util.stream.AbstractPipeline.copyInto(AbstractPipeline.java:485)
	at java.util.stream.AbstractPipeline.wrapAndCopyInto(AbstractPipeline.java:471)
	at java.util.stream.FindOps$FindOp.evaluateSequential(FindOps.java:152)
	at java.util.stream.AbstractPipeline.evaluate(AbstractPipeline.java:234)
	at java.util.stream.ReferencePipeline.findFirst(ReferencePipeline.java:464)
	at org.openqa.selenium.remote.ProtocolHandshake.createSession(ProtocolHandshake.java:362)
	at org.openqa.selenium.remote.ProtocolHandshake.createSession(ProtocolHandshake.java:136)
	at org.openqa.selenium.remote.HttpCommandExecutor.execute(HttpCommandExecutor.java:142)
	at org.openqa.selenium.remote.service.DriverCommandExecutor.execute(DriverCommandExecutor.java:82)
	at org.openqa.selenium.remote.RemoteWebDriver.execute(RemoteWebDriver.java:646)
	at org.openqa.selenium.remote.RemoteWebDriver.startSession(RemoteWebDriver.java:255)
	at org.openqa.selenium.remote.RemoteWebDriver.startSession(RemoteWebDriver.java:237)
	at org.openqa.selenium.remote.RemoteWebDriver.&lt;init&gt;(RemoteWebDriver.java:138)
	at org.openqa.selenium.chrome.ChromeDriver.&lt;init&gt;(ChromeDriver.java:178)
	at org.openqa.selenium.chrome.ChromeDriver.&lt;init&gt;(ChromeDriver.java:167)
	at org.openqa.selenium.chrome.ChromeDriver.&lt;init&gt;(ChromeDriver.java:124)
	at com.sauce.qa.base.TestBase.intialization(TestBase.java:43)
	at com.sauce.qa.testcases.CartPageTest.SetUp(CartPageTest.java:26)
	at java.util.ArrayList.forEach(ArrayList.java:1249)
... Removed 45 stack frames
</div> <!-- stack-trace -->
                </div> <!-- method-content -->
              </div> <!-- method -->
            </div> <!-- main-panel-content rounded-window-bottom -->
          </div> <!-- suite-Command_line_suite-class-skipped -->
          <div class="suite-Command_line_suite-class-skipped">
            <div class="main-panel-header rounded-window-top">
              <img src="skipped.png"/>
              <span class="class-name">com.sauce.qa.testcases.HomePageTest</span>
            </div> <!-- main-panel-header rounded-window-top -->
            <div class="main-panel-content rounded-window-bottom">
              <div class="method">
                <div class="method-content">
                  <a name="clickonAddtoCartTest">
                  </a> <!-- clickonAddtoCartTest -->
                  <span class="method-name">clickonAddtoCartTest</span>
                  <div class="stack-trace">org.openqa.selenium.SessionNotCreatedException: session not created
from timeout: Timed out receiving message from renderer: 600.000
  (Session info: chrome=88.0.4324.150)
Build info: version: &apos;3.5.3&apos;, revision: &apos;a88d25fe6b&apos;, time: &apos;2017-08-29T12:42:44.417Z&apos;
System info: host: &apos;DEBU&apos;, ip: &apos;192.168.29.185&apos;, os.name: &apos;Windows 10&apos;, os.arch: &apos;amd64&apos;, os.version: &apos;10.0&apos;, java.version: &apos;1.8.0_131&apos;
Driver info: driver.version: ChromeDriver
remote stacktrace: Backtrace:
	GetHandleVerifier [0x0077B963+483]
	GetHandleVerifier [0x0077B941+449]
	GetHandleVerifier [0x00B23308+3832712]
	GetHandleVerifier [0x00B1778C+3784716]
	GetHandleVerifier [0x00B16A47+3781319]
	GetHandleVerifier [0x00B16E36+3782326]
	GetHandleVerifier [0x00B16765+3780581]
	GetHandleVerifier [0x00B1FB21+3818401]
	GetHandleVerifier [0x00B16721+3780513]
	GetHandleVerifier [0x00B174B2+3783986]
	GetHandleVerifier [0x00B16A47+3781319]
	GetHandleVerifier [0x00B16E36+3782326]
	GetHandleVerifier [0x00B16765+3780581]
	GetHandleVerifier [0x00B1DF9C+3811356]
	GetHandleVerifier [0x00B16721+3780513]
	GetHandleVerifier [0x00B174B2+3783986]
	GetHandleVerifier [0x00B16A47+3781319]
	GetHandleVerifier [0x00B16E36+3782326]
	GetHandleVerifier [0x00B16765+3780581]
	GetHandleVerifier [0x00B1C392+3804178]
	GetHandleVerifier [0x00B16721+3780513]
	GetHandleVerifier [0x00B174B2+3783986]
	GetHandleVerifier [0x00B16A47+3781319]
	GetHandleVerifier [0x00B16E36+3782326]
	GetHandleVerifier [0x00B16765+3780581]
	GetHandleVerifier [0x00B1B655+3800789]
	GetHandleVerifier [0x00B16721+3780513]
	GetHandleVerifier [0x00B174B2+3783986]
	GetHandleVerifier [0x00B16A47+3781319]
	GetHandleVerifier [0x00B16E36+3782326]
	GetHandleVerifier [0x00B16765+3780581]
	GetHandleVerifier [0x00B12F46+3766214]
	GetHandleVerifier [0x00B16721+3780513]
	GetHandleVerifier [0x00B16543+3780035]
	GetHandleVerifier [0x00B16337+3779511]
	GetHandleVerifier [0x00B24540+3837376]
	GetHandleVerifier [0x00B5F4BC+4078908]
	GetHandleVerifier [0x00B5E56C+4074988]
	GetHandleVerifier [0x00B5B2EB+4062059]
	GetHandleVerifier [0x00B3ED14+3945876]
	GetHandleVerifier [0x00B3FBCE+3949646]
	GetHandleVerifier [0x00B3FB59+3949529]
	Ordinal0 [0x0073B5CC+46540]
	Ordinal0 [0x00739F53+40787]
	Ordinal0 [0x00739B12+39698]
	GetHandleVerifier [0x00A41468+2907368]
	GetHandleVerifier [0x008871EE+1096302]
	GetHandleVerifier [0x00843E8D+821005]
	GetHandleVerifier [0x0084396B+819691]
	GetHandleVerifier [0x00843881+819457]
	GetHandleVerifier [0x0086F463+998627]
	BaseThreadInitThunk [0x76566359+25]
	RtlGetAppContainerNamedObjectPath [0x77558944+228]
	RtlGetAppContainerNamedObjectPath [0x77558914+180]

	at org.openqa.selenium.remote.W3CHandshakeResponse.lambda$new$0(W3CHandshakeResponse.java:57)
	at org.openqa.selenium.remote.W3CHandshakeResponse.lambda$getResponseFunction$2(W3CHandshakeResponse.java:104)
	at org.openqa.selenium.remote.ProtocolHandshake.lambda$createSession$24(ProtocolHandshake.java:359)
	at java.util.stream.ReferencePipeline$3$1.accept(ReferencePipeline.java:193)
	at java.util.Spliterators$ArraySpliterator.tryAdvance(Spliterators.java:958)
	at java.util.stream.ReferencePipeline.forEachWithCancel(ReferencePipeline.java:126)
	at java.util.stream.AbstractPipeline.copyIntoWithCancel(AbstractPipeline.java:498)
	at java.util.stream.AbstractPipeline.copyInto(AbstractPipeline.java:485)
	at java.util.stream.AbstractPipeline.wrapAndCopyInto(AbstractPipeline.java:471)
	at java.util.stream.FindOps$FindOp.evaluateSequential(FindOps.java:152)
	at java.util.stream.AbstractPipeline.evaluate(AbstractPipeline.java:234)
	at java.util.stream.ReferencePipeline.findFirst(ReferencePipeline.java:464)
	at org.openqa.selenium.remote.ProtocolHandshake.createSession(ProtocolHandshake.java:362)
	at org.openqa.selenium.remote.ProtocolHandshake.createSession(ProtocolHandshake.java:136)
	at org.openqa.selenium.remote.HttpCommandExecutor.execute(HttpCommandExecutor.java:142)
	at org.openqa.selenium.remote.service.DriverCommandExecutor.execute(DriverCommandExecutor.java:82)
	at org.openqa.selenium.remote.RemoteWebDriver.execute(RemoteWebDriver.java:646)
	at org.openqa.selenium.remote.RemoteWebDriver.startSession(RemoteWebDriver.java:255)
	at org.openqa.selenium.remote.RemoteWebDriver.startSession(RemoteWebDriver.java:237)
	at org.openqa.selenium.remote.RemoteWebDriver.&lt;init&gt;(RemoteWebDriver.java:138)
	at org.openqa.selenium.chrome.ChromeDriver.&lt;init&gt;(ChromeDriver.java:178)
	at org.openqa.selenium.chrome.ChromeDriver.&lt;init&gt;(ChromeDriver.java:167)
	at org.openqa.selenium.chrome.ChromeDriver.&lt;init&gt;(ChromeDriver.java:124)
	at com.sauce.qa.base.TestBase.intialization(TestBase.java:43)
	at com.sauce.qa.testcases.HomePageTest.setUp(HomePageTest.java:29)
	at java.util.ArrayList.forEach(ArrayList.java:1249)
... Removed 45 stack frames
</div> <!-- stack-trace -->
                </div> <!-- method-content -->
              </div> <!-- method -->
              <div class="method">
                <div class="method-content">
                  <a name="viewCartPageTest">
                  </a> <!-- viewCartPageTest -->
                  <span class="method-name">viewCartPageTest</span>
                  <div class="stack-trace">org.openqa.selenium.SessionNotCreatedException: session not created
from timeout: Timed out receiving message from renderer: 600.000
  (Session info: chrome=88.0.4324.150)
Build info: version: &apos;3.5.3&apos;, revision: &apos;a88d25fe6b&apos;, time: &apos;2017-08-29T12:42:44.417Z&apos;
System info: host: &apos;DEBU&apos;, ip: &apos;192.168.29.185&apos;, os.name: &apos;Windows 10&apos;, os.arch: &apos;amd64&apos;, os.version: &apos;10.0&apos;, java.version: &apos;1.8.0_131&apos;
Driver info: driver.version: ChromeDriver
remote stacktrace: Backtrace:
	GetHandleVerifier [0x0077B963+483]
	GetHandleVerifier [0x0077B941+449]
	GetHandleVerifier [0x00B23308+3832712]
	GetHandleVerifier [0x00B1778C+3784716]
	GetHandleVerifier [0x00B16A47+3781319]
	GetHandleVerifier [0x00B16E36+3782326]
	GetHandleVerifier [0x00B16765+3780581]
	GetHandleVerifier [0x00B1FB21+3818401]
	GetHandleVerifier [0x00B16721+3780513]
	GetHandleVerifier [0x00B174B2+3783986]
	GetHandleVerifier [0x00B16A47+3781319]
	GetHandleVerifier [0x00B16E36+3782326]
	GetHandleVerifier [0x00B16765+3780581]
	GetHandleVerifier [0x00B1DF9C+3811356]
	GetHandleVerifier [0x00B16721+3780513]
	GetHandleVerifier [0x00B174B2+3783986]
	GetHandleVerifier [0x00B16A47+3781319]
	GetHandleVerifier [0x00B16E36+3782326]
	GetHandleVerifier [0x00B16765+3780581]
	GetHandleVerifier [0x00B1C392+3804178]
	GetHandleVerifier [0x00B16721+3780513]
	GetHandleVerifier [0x00B174B2+3783986]
	GetHandleVerifier [0x00B16A47+3781319]
	GetHandleVerifier [0x00B16E36+3782326]
	GetHandleVerifier [0x00B16765+3780581]
	GetHandleVerifier [0x00B1B655+3800789]
	GetHandleVerifier [0x00B16721+3780513]
	GetHandleVerifier [0x00B174B2+3783986]
	GetHandleVerifier [0x00B16A47+3781319]
	GetHandleVerifier [0x00B16E36+3782326]
	GetHandleVerifier [0x00B16765+3780581]
	GetHandleVerifier [0x00B12F46+3766214]
	GetHandleVerifier [0x00B16721+3780513]
	GetHandleVerifier [0x00B16543+3780035]
	GetHandleVerifier [0x00B16337+3779511]
	GetHandleVerifier [0x00B24540+3837376]
	GetHandleVerifier [0x00B5F4BC+4078908]
	GetHandleVerifier [0x00B5E56C+4074988]
	GetHandleVerifier [0x00B5B2EB+4062059]
	GetHandleVerifier [0x00B3ED14+3945876]
	GetHandleVerifier [0x00B3FBCE+3949646]
	GetHandleVerifier [0x00B3FB59+3949529]
	Ordinal0 [0x0073B5CC+46540]
	Ordinal0 [0x00739F53+40787]
	Ordinal0 [0x00739B12+39698]
	GetHandleVerifier [0x00A41468+2907368]
	GetHandleVerifier [0x008871EE+1096302]
	GetHandleVerifier [0x00843E8D+821005]
	GetHandleVerifier [0x0084396B+819691]
	GetHandleVerifier [0x00843881+819457]
	GetHandleVerifier [0x0086F463+998627]
	BaseThreadInitThunk [0x76566359+25]
	RtlGetAppContainerNamedObjectPath [0x77558944+228]
	RtlGetAppContainerNamedObjectPath [0x77558914+180]

	at org.openqa.selenium.remote.W3CHandshakeResponse.lambda$new$0(W3CHandshakeResponse.java:57)
	at org.openqa.selenium.remote.W3CHandshakeResponse.lambda$getResponseFunction$2(W3CHandshakeResponse.java:104)
	at org.openqa.selenium.remote.ProtocolHandshake.lambda$createSession$24(ProtocolHandshake.java:359)
	at java.util.stream.ReferencePipeline$3$1.accept(ReferencePipeline.java:193)
	at java.util.Spliterators$ArraySpliterator.tryAdvance(Spliterators.java:958)
	at java.util.stream.ReferencePipeline.forEachWithCancel(ReferencePipeline.java:126)
	at java.util.stream.AbstractPipeline.copyIntoWithCancel(AbstractPipeline.java:498)
	at java.util.stream.AbstractPipeline.copyInto(AbstractPipeline.java:485)
	at java.util.stream.AbstractPipeline.wrapAndCopyInto(AbstractPipeline.java:471)
	at java.util.stream.FindOps$FindOp.evaluateSequential(FindOps.java:152)
	at java.util.stream.AbstractPipeline.evaluate(AbstractPipeline.java:234)
	at java.util.stream.ReferencePipeline.findFirst(ReferencePipeline.java:464)
	at org.openqa.selenium.remote.ProtocolHandshake.createSession(ProtocolHandshake.java:362)
	at org.openqa.selenium.remote.ProtocolHandshake.createSession(ProtocolHandshake.java:136)
	at org.openqa.selenium.remote.HttpCommandExecutor.execute(HttpCommandExecutor.java:142)
	at org.openqa.selenium.remote.service.DriverCommandExecutor.execute(DriverCommandExecutor.java:82)
	at org.openqa.selenium.remote.RemoteWebDriver.execute(RemoteWebDriver.java:646)
	at org.openqa.selenium.remote.RemoteWebDriver.startSession(RemoteWebDriver.java:255)
	at org.openqa.selenium.remote.RemoteWebDriver.startSession(RemoteWebDriver.java:237)
	at org.openqa.selenium.remote.RemoteWebDriver.&lt;init&gt;(RemoteWebDriver.java:138)
	at org.openqa.selenium.chrome.ChromeDriver.&lt;init&gt;(ChromeDriver.java:178)
	at org.openqa.selenium.chrome.ChromeDriver.&lt;init&gt;(ChromeDriver.java:167)
	at org.openqa.selenium.chrome.ChromeDriver.&lt;init&gt;(ChromeDriver.java:124)
	at com.sauce.qa.base.TestBase.intialization(TestBase.java:43)
	at com.sauce.qa.testcases.HomePageTest.setUp(HomePageTest.java:29)
	at java.util.ArrayList.forEach(ArrayList.java:1249)
... Removed 45 stack frames
</div> <!-- stack-trace -->
                </div> <!-- method-content -->
              </div> <!-- method -->
            </div> <!-- main-panel-content rounded-window-bottom -->
          </div> <!-- suite-Command_line_suite-class-skipped -->
          <div class="suite-Command_line_suite-class-skipped">
            <div class="main-panel-header rounded-window-top">
              <img src="skipped.png"/>
              <span class="class-name">com.sauce.qa.testcases.LoginPageTest</span>
            </div> <!-- main-panel-header rounded-window-top -->
            <div class="main-panel-content rounded-window-bottom">
              <div class="method">
                <div class="method-content">
                  <a name="loginTest">
                  </a> <!-- loginTest -->
                  <span class="method-name">loginTest</span>
                  <div class="stack-trace">org.openqa.selenium.SessionNotCreatedException: session not created
from timeout: Timed out receiving message from renderer: 600.000
  (Session info: chrome=88.0.4324.150)
Build info: version: &apos;3.5.3&apos;, revision: &apos;a88d25fe6b&apos;, time: &apos;2017-08-29T12:42:44.417Z&apos;
System info: host: &apos;DEBU&apos;, ip: &apos;192.168.29.185&apos;, os.name: &apos;Windows 10&apos;, os.arch: &apos;amd64&apos;, os.version: &apos;10.0&apos;, java.version: &apos;1.8.0_131&apos;
Driver info: driver.version: ChromeDriver
remote stacktrace: Backtrace:
	GetHandleVerifier [0x0077B963+483]
	GetHandleVerifier [0x0077B941+449]
	GetHandleVerifier [0x00B23308+3832712]
	GetHandleVerifier [0x00B1778C+3784716]
	GetHandleVerifier [0x00B16A47+3781319]
	GetHandleVerifier [0x00B16E36+3782326]
	GetHandleVerifier [0x00B16765+3780581]
	GetHandleVerifier [0x00B1FB21+3818401]
	GetHandleVerifier [0x00B16721+3780513]
	GetHandleVerifier [0x00B174B2+3783986]
	GetHandleVerifier [0x00B16A47+3781319]
	GetHandleVerifier [0x00B16E36+3782326]
	GetHandleVerifier [0x00B16765+3780581]
	GetHandleVerifier [0x00B1DF9C+3811356]
	GetHandleVerifier [0x00B16721+3780513]
	GetHandleVerifier [0x00B174B2+3783986]
	GetHandleVerifier [0x00B16A47+3781319]
	GetHandleVerifier [0x00B16E36+3782326]
	GetHandleVerifier [0x00B16765+3780581]
	GetHandleVerifier [0x00B1C392+3804178]
	GetHandleVerifier [0x00B16721+3780513]
	GetHandleVerifier [0x00B174B2+3783986]
	GetHandleVerifier [0x00B16A47+3781319]
	GetHandleVerifier [0x00B16E36+3782326]
	GetHandleVerifier [0x00B16765+3780581]
	GetHandleVerifier [0x00B1B655+3800789]
	GetHandleVerifier [0x00B16721+3780513]
	GetHandleVerifier [0x00B174B2+3783986]
	GetHandleVerifier [0x00B16A47+3781319]
	GetHandleVerifier [0x00B16E36+3782326]
	GetHandleVerifier [0x00B16765+3780581]
	GetHandleVerifier [0x00B12F46+3766214]
	GetHandleVerifier [0x00B16721+3780513]
	GetHandleVerifier [0x00B16543+3780035]
	GetHandleVerifier [0x00B16337+3779511]
	GetHandleVerifier [0x00B24540+3837376]
	GetHandleVerifier [0x00B5F4BC+4078908]
	GetHandleVerifier [0x00B5E56C+4074988]
	GetHandleVerifier [0x00B5B2EB+4062059]
	GetHandleVerifier [0x00B3ED14+3945876]
	GetHandleVerifier [0x00B3FBCE+3949646]
	GetHandleVerifier [0x00B3FB59+3949529]
	Ordinal0 [0x0073B5CC+46540]
	Ordinal0 [0x00739F53+40787]
	Ordinal0 [0x00739B12+39698]
	GetHandleVerifier [0x00A41468+2907368]
	GetHandleVerifier [0x008871EE+1096302]
	GetHandleVerifier [0x00843E8D+821005]
	GetHandleVerifier [0x0084396B+819691]
	GetHandleVerifier [0x00843881+819457]
	GetHandleVerifier [0x0086F463+998627]
	BaseThreadInitThunk [0x76566359+25]
	RtlGetAppContainerNamedObjectPath [0x77558944+228]
	RtlGetAppContainerNamedObjectPath [0x77558914+180]

	at org.openqa.selenium.remote.W3CHandshakeResponse.lambda$new$0(W3CHandshakeResponse.java:57)
	at org.openqa.selenium.remote.W3CHandshakeResponse.lambda$getResponseFunction$2(W3CHandshakeResponse.java:104)
	at org.openqa.selenium.remote.ProtocolHandshake.lambda$createSession$24(ProtocolHandshake.java:359)
	at java.util.stream.ReferencePipeline$3$1.accept(ReferencePipeline.java:193)
	at java.util.Spliterators$ArraySpliterator.tryAdvance(Spliterators.java:958)
	at java.util.stream.ReferencePipeline.forEachWithCancel(ReferencePipeline.java:126)
	at java.util.stream.AbstractPipeline.copyIntoWithCancel(AbstractPipeline.java:498)
	at java.util.stream.AbstractPipeline.copyInto(AbstractPipeline.java:485)
	at java.util.stream.AbstractPipeline.wrapAndCopyInto(AbstractPipeline.java:471)
	at java.util.stream.FindOps$FindOp.evaluateSequential(FindOps.java:152)
	at java.util.stream.AbstractPipeline.evaluate(AbstractPipeline.java:234)
	at java.util.stream.ReferencePipeline.findFirst(ReferencePipeline.java:464)
	at org.openqa.selenium.remote.ProtocolHandshake.createSession(ProtocolHandshake.java:362)
	at org.openqa.selenium.remote.ProtocolHandshake.createSession(ProtocolHandshake.java:136)
	at org.openqa.selenium.remote.HttpCommandExecutor.execute(HttpCommandExecutor.java:142)
	at org.openqa.selenium.remote.service.DriverCommandExecutor.execute(DriverCommandExecutor.java:82)
	at org.openqa.selenium.remote.RemoteWebDriver.execute(RemoteWebDriver.java:646)
	at org.openqa.selenium.remote.RemoteWebDriver.startSession(RemoteWebDriver.java:255)
	at org.openqa.selenium.remote.RemoteWebDriver.startSession(RemoteWebDriver.java:237)
	at org.openqa.selenium.remote.RemoteWebDriver.&lt;init&gt;(RemoteWebDriver.java:138)
	at org.openqa.selenium.chrome.ChromeDriver.&lt;init&gt;(ChromeDriver.java:178)
	at org.openqa.selenium.chrome.ChromeDriver.&lt;init&gt;(ChromeDriver.java:167)
	at org.openqa.selenium.chrome.ChromeDriver.&lt;init&gt;(ChromeDriver.java:124)
	at com.sauce.qa.base.TestBase.intialization(TestBase.java:43)
	at com.sauce.qa.testcases.LoginPageTest.setUp(LoginPageTest.java:23)
	at java.util.ArrayList.forEach(ArrayList.java:1249)
... Removed 45 stack frames
</div> <!-- stack-trace -->
                </div> <!-- method-content -->
              </div> <!-- method -->
            </div> <!-- main-panel-content rounded-window-bottom -->
          </div> <!-- suite-Command_line_suite-class-skipped -->
        </div> <!-- panel Command_line_suite -->
        <div panel-name="test-xml-Command_line_suite" class="panel">
          <div class="main-panel-header rounded-window-top">
          </div> <!-- main-panel-header rounded-window-top -->
          <div class="main-panel-content rounded-window-bottom">
            <pre>
&lt;?xml version=&quot;1.0&quot; encoding=&quot;UTF-8&quot;?&gt;
&lt;!DOCTYPE suite SYSTEM &quot;https://testng.org/testng-1.0.dtd&quot;&gt;
&lt;suite verbose=&quot;0&quot; name=&quot;Command line suite&quot;&gt;
  &lt;test thread-count=&quot;5&quot; verbose=&quot;0&quot; name=&quot;Command line test&quot;&gt;
    &lt;classes&gt;
      &lt;class name=&quot;com.sauce.qa.testcases.CartPageTest&quot;/&gt;
      &lt;class name=&quot;com.sauce.qa.testcases.HomePageTest&quot;/&gt;
      &lt;class name=&quot;com.sauce.qa.testcases.LoginPageTest&quot;/&gt;
    &lt;/classes&gt;
  &lt;/test&gt; &lt;!-- Command line test --&gt;
&lt;/suite&gt; &lt;!-- Command line suite --&gt;
            </pre>
          </div> <!-- main-panel-content rounded-window-bottom -->
        </div> <!-- panel -->
        <div panel-name="testlist-Command_line_suite" class="panel">
          <div class="main-panel-header rounded-window-top">
            <span class="header-content">Tests for Command line suite</span>
          </div> <!-- main-panel-header rounded-window-top -->
          <div class="main-panel-content rounded-window-bottom">
            <ul>
              <li>
                <span class="test-name">Command line test (3 classes)</span>
              </li>
            </ul>
          </div> <!-- main-panel-content rounded-window-bottom -->
        </div> <!-- panel -->
        <div panel-name="group-Command_line_suite" class="panel">
          <div class="main-panel-header rounded-window-top">
            <span class="header-content">Groups for Command line suite</span>
          </div> <!-- main-panel-header rounded-window-top -->
          <div class="main-panel-content rounded-window-bottom">
          </div> <!-- main-panel-content rounded-window-bottom -->
        </div> <!-- panel -->
        <div panel-name="times-Command_line_suite" class="panel">
          <div class="main-panel-header rounded-window-top">
            <span class="header-content">Times for Command line suite</span>
          </div> <!-- main-panel-header rounded-window-top -->
          <div class="main-panel-content rounded-window-bottom">
            <div class="times-div">
              <script type="text/javascript">
suiteTableInitFunctions.push('tableData_Command_line_suite');
function tableData_Command_line_suite() {
var data = new google.visualization.DataTable();
data.addColumn('number', 'Number');
data.addColumn('string', 'Method');
data.addColumn('string', 'Class');
data.addColumn('number', 'Time (ms)');
data.addRows(7);
data.setCell(0, 0, 0)
data.setCell(0, 1, 'sortTheProductsTest')
data.setCell(0, 2, 'com.sauce.qa.testcases.HomePageTest')
data.setCell(0, 3, 0);
data.setCell(1, 0, 1)
data.setCell(1, 1, 'clickonAddtoCartTest')
data.setCell(1, 2, 'com.sauce.qa.testcases.HomePageTest')
data.setCell(1, 3, 0);
data.setCell(2, 0, 2)
data.setCell(2, 1, 'viewCartPageTest')
data.setCell(2, 2, 'com.sauce.qa.testcases.HomePageTest')
data.setCell(2, 3, 0);
data.setCell(3, 0, 3)
data.setCell(3, 1, 'clickonAddtoCartTest')
data.setCell(3, 2, 'com.sauce.qa.testcases.CartPageTest')
data.setCell(3, 3, 0);
data.setCell(4, 0, 4)
data.setCell(4, 1, 'loginTest')
data.setCell(4, 2, 'com.sauce.qa.testcases.LoginPageTest')
data.setCell(4, 3, 0);
data.setCell(5, 0, 5)
data.setCell(5, 1, 'removeitemFromCart')
data.setCell(5, 2, 'com.sauce.qa.testcases.CartPageTest')
data.setCell(5, 3, 0);
data.setCell(6, 0, 6)
data.setCell(6, 1, 'viewCartPageTest')
data.setCell(6, 2, 'com.sauce.qa.testcases.CartPageTest')
data.setCell(6, 3, 0);
window.suiteTableData['Command_line_suite']= { tableData: data, tableDiv: 'times-div-Command_line_suite'}
return data;
}
              </script>
              <span class="suite-total-time">Total running time: 0 ms</span>
              <div id="times-div-Command_line_suite">
              </div> <!-- times-div-Command_line_suite -->
            </div> <!-- times-div -->
          </div> <!-- main-panel-content rounded-window-bottom -->
        </div> <!-- panel -->
        <div panel-name="reporter-Command_line_suite" class="panel">
          <div class="main-panel-header rounded-window-top">
            <span class="header-content">Reporter output for Command line suite</span>
          </div> <!-- main-panel-header rounded-window-top -->
          <div class="main-panel-content rounded-window-bottom">
          </div> <!-- main-panel-content rounded-window-bottom -->
        </div> <!-- panel -->
        <div panel-name="ignored-methods-Command_line_suite" class="panel">
          <div class="main-panel-header rounded-window-top">
            <span class="header-content">0 ignored methods</span>
          </div> <!-- main-panel-header rounded-window-top -->
          <div class="main-panel-content rounded-window-bottom">
          </div> <!-- main-panel-content rounded-window-bottom -->
        </div> <!-- panel -->
        <div panel-name="chronological-Command_line_suite" class="panel">
          <div class="main-panel-header rounded-window-top">
            <span class="header-content">Methods in chronological order</span>
          </div> <!-- main-panel-header rounded-window-top -->
          <div class="main-panel-content rounded-window-bottom">
            <div class="chronological-class">
              <div class="chronological-class-name">com.sauce.qa.testcases.CartPageTest</div> <!-- chronological-class-name -->
              <div class="configuration-method before">
                <img src="failed.png">
                </img>
                <span class="method-name">SetUp</span>
                <span class="method-start">0 ms</span>
              </div> <!-- configuration-method before -->
              <div class="test-method">
                <span class="method-name">clickonAddtoCartTest</span>
                <span class="method-start">604701 ms</span>
              </div> <!-- test-method -->
              <div class="configuration-method after">
                <span class="method-name">tearDown</span>
                <span class="method-start">604707 ms</span>
              </div> <!-- configuration-method after -->
              <div class="configuration-method before">
                <span class="method-name">SetUp</span>
                <span class="method-start">604711 ms</span>
              </div> <!-- configuration-method before -->
              <div class="test-method">
                <span class="method-name">viewCartPageTest</span>
                <span class="method-start">604711 ms</span>
              </div> <!-- test-method -->
              <div class="configuration-method after">
                <span class="method-name">tearDown</span>
                <span class="method-start">604715 ms</span>
              </div> <!-- configuration-method after -->
              <div class="configuration-method before">
                <span class="method-name">SetUp</span>
                <span class="method-start">604718 ms</span>
              </div> <!-- configuration-method before -->
              <div class="test-method">
                <span class="method-name">removeitemFromCart</span>
                <span class="method-start">604718 ms</span>
              </div> <!-- test-method -->
              <div class="configuration-method after">
                <span class="method-name">tearDown</span>
                <span class="method-start">604719 ms</span>
              </div> <!-- configuration-method after -->
            </div> <!-- chronological-class -->
            <div class="chronological-class">
              <div class="chronological-class-name">com.sauce.qa.testcases.HomePageTest</div> <!-- chronological-class-name -->
              <div class="configuration-method before">
                <img src="failed.png">
                </img>
                <span class="method-name">setUp</span>
                <span class="method-start">604721 ms</span>
              </div> <!-- configuration-method before -->
              <div class="test-method">
                <span class="method-name">clickonAddtoCartTest</span>
                <span class="method-start">1206982 ms</span>
              </div> <!-- test-method -->
              <div class="configuration-method after">
                <span class="method-name">tearDown</span>
                <span class="method-start">1206982 ms</span>
              </div> <!-- configuration-method after -->
              <div class="configuration-method before">
                <span class="method-name">setUp</span>
                <span class="method-start">1206982 ms</span>
              </div> <!-- configuration-method before -->
              <div class="test-method">
                <span class="method-name">viewCartPageTest</span>
                <span class="method-start">1206982 ms</span>
              </div> <!-- test-method -->
              <div class="configuration-method after">
                <span class="method-name">tearDown</span>
                <span class="method-start">1206982 ms</span>
              </div> <!-- configuration-method after -->
            </div> <!-- chronological-class -->
            <div class="chronological-class">
              <div class="chronological-class-name">com.sauce.qa.testcases.LoginPageTest</div> <!-- chronological-class-name -->
              <div class="configuration-method before">
                <img src="failed.png">
                </img>
                <span class="method-name">setUp</span>
                <span class="method-start">1206982 ms</span>
              </div> <!-- configuration-method before -->
              <div class="test-method">
                <span class="method-name">loginTest</span>
                <span class="method-start">1809517 ms</span>
              </div> <!-- test-method -->
              <div class="configuration-method after">
                <span class="method-name">tearDown</span>
                <span class="method-start">1809517 ms</span>
              </div> <!-- configuration-method after -->
          </div> <!-- main-panel-content rounded-window-bottom -->
        </div> <!-- panel -->
      </div> <!-- main-panel-root -->
    </div> <!-- wrapper -->
  </body>
<script type="text/javascript" src="testng-reports2.js"></script>
</html>
