<?xml version="1.0" encoding="UTF-8" ?>
<testsuite tests="19" failures="4" name="TestSuite" time="1,811.452" errors="0" skipped="15">
  <properties>
    <property name="java.vendor" value="Oracle Corporation"/>
    <property name="JOB_NAME" value="SauceDemoTest"/>
    <property name="sun.java.launcher" value="SUN_STANDARD"/>
    <property name="NUMBER_OF_PROCESSORS" value="4"/>
    <property name="sun.management.compiler" value="HotSpot 64-Bit Tiered Compilers"/>
    <property name="JENKINS_HOME" value="C:\Program Files (x86)\Jenkins"/>
    <property name="HUDSON_SERVER_COOKIE" value="8f43fd6506fdca3e"/>
    <property name="POM_ARTIFACTID" value="FreeCRMTest"/>
    <property name="os.name" value="Windows 10"/>
    <property name="sun.boot.class.path" value="C:\Program Files\Java\jdk1.8.0_131\jre\lib\resources.jar;C:\Program Files\Java\jdk1.8.0_131\jre\lib\rt.jar;C:\Program Files\Java\jdk1.8.0_131\jre\lib\sunrsasign.jar;C:\Program Files\Java\jdk1.8.0_131\jre\lib\jsse.jar;C:\Program Files\Java\jdk1.8.0_131\jre\lib\jce.jar;C:\Program Files\Java\jdk1.8.0_131\jre\lib\charsets.jar;C:\Program Files\Java\jdk1.8.0_131\jre\lib\jfr.jar;C:\Program Files\Java\jdk1.8.0_131\jre\classes"/>
    <property name="EXECUTOR_NUMBER" value="1"/>
    <property name="sun.desktop" value="windows"/>
    <property name="PATHEXT" value=".COM;.EXE;.BAT;.CMD;.VBS;.VBE;.JS;.JSE;.WSF;.WSH;.MSC"/>
    <property name="java.vm.specification.vendor" value="Oracle Corporation"/>
    <property name="POM_DISPLAYNAME" value="FreeCRMTest"/>
    <property name="NODE_LABELS" value="master"/>
    <property name="TEMP" value="C:\WINDOWS\TEMP"/>
    <property name="java.runtime.version" value="1.8.0_131-b11"/>
    <property name="WINSW_SERVICE_ID" value="Jenkins"/>
    <property name="user.name" value="DEBU$"/>
    <property name="guice.disable.misplaced.annotation.check" value="true"/>
    <property name="CommonProgramW6432" value="C:\Program Files\Common Files"/>
    <property name="ProgramFiles" value="C:\Program Files (x86)"/>
    <property name="user.language" value="en"/>
    <property name="JOB_BASE_NAME" value="SauceDemoTest"/>
    <property name="RUN_CHANGES_DISPLAY_URL" value="http://localhost:8080/job/SauceDemoTest/3/display/redirect?page=changes"/>
    <property name="M2" value="C:\Program Files\Apache Software Foundation\apache-maven-3.6.3\bin"/>
    <property name="BUILD_DISPLAY_NAME" value="#3"/>
    <property name="sun.boot.library.path" value="C:\Program Files\Java\jdk1.8.0_131\jre\bin"/>
    <property name="LOCALAPPDATA" value="C:\WINDOWS\system32\config\systemprofile\AppData\Local"/>
    <property name="java.version" value="1.8.0_131"/>
    <property name="PROCESSOR_LEVEL" value="6"/>
    <property name="user.timezone" value="Asia/Calcutta"/>
    <property name="USERNAME" value="DEBU$"/>
    <property name="sun.arch.data.model" value="64"/>
    <property name="NODE_NAME" value="master"/>
    <property name="PROCESSOR_ARCHITEW6432" value="AMD64"/>
    <property name="PERL5LIB" value="C:\oracle\product\10.2.0\db_1\perl\5.8.3\lib\MSWin32-x86;C:\oracle\product\10.2.0\db_1\perl\5.8.3\lib;C:\oracle\product\10.2.0\db_1\perl\5.8.3\lib\MSWin32-x86;C:\oracle\product\10.2.0\db_1\perl\site\5.8.3;C:\oracle\product\10.2.0\db_1\perl\site\5.8.3\lib;C:\oracle\product\10.2.0\db_1\sysman\admin\scripts;"/>
    <property name="java.endorsed.dirs" value="C:\Program Files\Java\jdk1.8.0_131\jre\lib\endorsed"/>
    <property name="BUILD_ID" value="3"/>
    <property name="sun.cpu.isalist" value="amd64"/>
    <property name="sun.jnu.encoding" value="Cp1252"/>
    <property name="file.encoding.pkg" value="sun.io"/>
    <property name="file.separator" value="\"/>
    <property name="java.specification.name" value="Java Platform API Specification"/>
    <property name="maven.conf" value="C:\Program Files\Apache Software Foundation\apache-maven-3.6.3\conf"/>
    <property name="java.class.version" value="52.0"/>
    <property name="org.slf4j.simpleLogger.defaultLogLevel" value="info"/>
    <property name="user.country" value="IN"/>
    <property name="ALLUSERSPROFILE" value="C:\ProgramData"/>
    <property name="java.home" value="C:\Program Files\Java\jdk1.8.0_131\jre"/>
    <property name="java.vm.info" value="mixed mode"/>
    <property name="os.version" value="10.0"/>
    <property name="RUN_DISPLAY_URL" value="http://localhost:8080/job/SauceDemoTest/3/display/redirect"/>
    <property name="POM_VERSION" value="0.0.1-SNAPSHOT"/>
    <property name="TMP" value="C:\WINDOWS\TEMP"/>
    <property name="path.separator" value=";"/>
    <property name="java.vm.version" value="25.131-b11"/>
    <property name="user.variant" value=""/>
    <property name="JOB_DISPLAY_URL" value="http://localhost:8080/job/SauceDemoTest/display/redirect"/>
    <property name="CommonProgramFiles(x86)" value="C:\Program Files (x86)\Common Files"/>
    <property name="java.awt.printerjob" value="sun.awt.windows.WPrinterJob"/>
    <property name="JAVA_HOME" value="C:\Program Files\Java\jdk1.8.0_131"/>
    <property name="sun.io.unicode.encoding" value="UnicodeLittle"/>
    <property name="CommonProgramFiles" value="C:\Program Files (x86)\Common Files"/>
    <property name="ComSpec" value="C:\WINDOWS\system32\cmd.exe"/>
    <property name="awt.toolkit" value="sun.awt.windows.WToolkit"/>
    <property name="POM_PACKAGING" value="jar"/>
    <property name="SERVICE_ID" value="Jenkins"/>
    <property name="COMPUTERNAME" value="DEBU"/>
    <property name="user.script" value=""/>
    <property name="POM_GROUPID" value="FreeCRMTestAutomation"/>
    <property name="VBOX_MSI_INSTALL_PATH" value="C:\Program Files\Oracle\VirtualBox\"/>
    <property name="user.home" value="C:\WINDOWS\system32\config\systemprofile"/>
    <property name="PUBLIC" value="C:\Users\Public"/>
    <property name="BUILD_TAG" value="jenkins-SauceDemoTest-3"/>
    <property name="JENKINS_SERVER_COOKIE" value="8f43fd6506fdca3e"/>
    <property name="HUDSON_URL" value="http://localhost:8080/"/>
    <property name="ProgramData" value="C:\ProgramData"/>
    <property name="java.specification.vendor" value="Oracle Corporation"/>
    <property name="USERPROFILE" value="C:\WINDOWS\system32\config\systemprofile"/>
    <property name="CLASSPATH" value=""/>
    <property name="java.vendor.url" value="http://java.oracle.com/"/>
    <property name="java.library.path" value="C:\Program Files\Java\jdk1.8.0_131\bin;C:\WINDOWS\Sun\Java\bin;C:\WINDOWS\system32;C:\WINDOWS;C:\Program Files\Apache Software Foundation\apache-maven-3.6.3/bin;C:\Program Files\Java\jdk1.8.0_131/bin;C:\Program Files\Java\jdk1.8.0_131/bin;C:\Program Files (x86)\Common Files\Oracle\Java\javapath;C:\ProgramData\Oracle\Java\javapath;C:\oracle\product\10.2.0\db_1\bin;C:\WINDOWS\system32;C:\WINDOWS;C:\WINDOWS\System32\Wbem;C:\WINDOWS\System32\WindowsPowerShell\v1.0\;C:\WINDOWS\System32\OpenSSH\;C:\Program Files\nodejs\;C:\Program Files\Microsoft\Web Platform Installer\;C:\Program Files\Java\jdk-11.0.7\bin;C:\Program Files\Apache Software Foundation\apache-maven-3.6.3;C:\Program Files\Apache Software Foundation\apache-maven-3.6.3\bin;C:\Program Files\Java\jdk1.8.0_131\bin;C:\Program Files\Apache Software Foundation\Tomcat 7.0\bin;C:\Windows\Microsoft.NET\Framework64\v4.0.30319;C:\Program Files (x86)\Microsoft Visual Studio\2019\Community\MSBuild\Current\Bin;C:\Program Files (x86)\Microsoft Visual Studio\2019\Community\Common7\IDE;C:\Program Files\PuTTY\;C:\Program Files\Git\cmd;C:\WINDOWS\system32\config\systemprofile\AppData\Local\Microsoft\WindowsApps;."/>
    <property name="java.vm.vendor" value="Oracle Corporation"/>
    <property name="APPDATA" value="C:\WINDOWS\system32\config\systemprofile\AppData\Roaming"/>
    <property name="java.runtime.name" value="Java(TM) SE Runtime Environment"/>
    <property name="maven.home" value="C:\Program Files\Apache Software Foundation\apache-maven-3.6.3"/>
    <property name="java.class.path" value="C:\Program Files (x86)\Jenkins\plugins\maven-plugin\WEB-INF\lib\maven35-agent-1.13.jar;C:\Program Files\Apache Software Foundation\apache-maven-3.6.3\boot\plexus-classworlds-2.6.0.jar;C:\Program Files\Apache Software Foundation\apache-maven-3.6.3/conf/logging"/>
    <property name="sun.java.command" value="jenkins.maven3.agent.Maven35Main C:\Program Files\Apache Software Foundation\apache-maven-3.6.3 C:\Program Files (x86)\Jenkins\war\WEB-INF\lib\remoting-4.2.1.jar C:\Program Files (x86)\Jenkins\plugins\maven-plugin\WEB-INF\lib\maven35-interceptor-1.13.jar C:\Program Files (x86)\Jenkins\plugins\maven-plugin\WEB-INF\lib\maven3-interceptor-commons-1.13.jar 4713"/>
    <property name="Path" value="C:\Program Files\Java\jdk1.8.0_131/bin;C:\Program Files (x86)\Common Files\Oracle\Java\javapath;C:\ProgramData\Oracle\Java\javapath;C:\oracle\product\10.2.0\db_1\bin;C:\WINDOWS\system32;C:\WINDOWS;C:\WINDOWS\System32\Wbem;C:\WINDOWS\System32\WindowsPowerShell\v1.0\;C:\WINDOWS\System32\OpenSSH\;C:\Program Files\nodejs\;C:\Program Files\Microsoft\Web Platform Installer\;C:\Program Files\Java\jdk-11.0.7\bin;C:\Program Files\Apache Software Foundation\apache-maven-3.6.3;C:\Program Files\Apache Software Foundation\apache-maven-3.6.3\bin;C:\Program Files\Java\jdk1.8.0_131\bin;C:\Program Files\Apache Software Foundation\Tomcat 7.0\bin;C:\Windows\Microsoft.NET\Framework64\v4.0.30319;C:\Program Files (x86)\Microsoft Visual Studio\2019\Community\MSBuild\Current\Bin;C:\Program Files (x86)\Microsoft Visual Studio\2019\Community\Common7\IDE;C:\Program Files\PuTTY\;C:\Program Files\Git\cmd;C:\WINDOWS\system32\config\systemprofile\AppData\Local\Microsoft\WindowsApps"/>
    <property name="java.vm.specification.name" value="Java Virtual Machine Specification"/>
    <property name="PROCESSOR_ARCHITECTURE" value="x86"/>
    <property name="PATH+JDK" value="C:\Program Files\Java\jdk1.8.0_131/bin"/>
    <property name="PROCESSOR_IDENTIFIER" value="Intel64 Family 6 Model 69 Stepping 1, GenuineIntel"/>
    <property name="java.vm.specification.version" value="1.8"/>
    <property name="sun.os.patch.level" value=""/>
    <property name="sun.cpu.endian" value="little"/>
    <property name="M2_HOME" value="C:\Program Files\Apache Software Foundation\apache-maven-3.6.3"/>
    <property name="java.io.tmpdir" value="C:\WINDOWS\TEMP\"/>
    <property name="OS" value="Windows_NT"/>
    <property name="HUDSON_HOME" value="C:\Program Files (x86)\Jenkins"/>
    <property name="PATH+MAVEN" value="C:\Program Files\Apache Software Foundation\apache-maven-3.6.3/bin"/>
    <property name="ProgramFiles(x86)" value="C:\Program Files (x86)"/>
    <property name="BUILD_URL" value="http://localhost:8080/job/SauceDemoTest/3/"/>
    <property name="java.vendor.url.bug" value="http://bugreport.sun.com/bugreport/"/>
    <property name="java.awt.graphicsenv" value="sun.awt.Win32GraphicsEnvironment"/>
    <property name="os.arch" value="amd64"/>
    <property name="SystemRoot" value="C:\WINDOWS"/>
    <property name="java.ext.dirs" value="C:\Program Files\Java\jdk1.8.0_131\jre\lib\ext;C:\WINDOWS\Sun\Java\lib\ext"/>
    <property name="user.dir" value="C:\Users\Debanjan\POM\SauceDemoTest"/>
    <property name="JOB_URL" value="http://localhost:8080/job/SauceDemoTest/"/>
    <property name="USERDOMAIN" value="WORKGROUP"/>
    <property name="line.separator" value="
"/>
    <property name="MAVEN_HOME" value="C:\Program Files\Apache Software Foundation\apache-maven-3.6.3"/>
    <property name="java.vm.name" value="Java HotSpot(TM) 64-Bit Server VM"/>
    <property name="BUILD_NUMBER" value="3"/>
    <property name="BASE" value="C:\Program Files (x86)\Jenkins"/>
    <property name="JENKINS_URL" value="http://localhost:8080/"/>
    <property name="PROCESSOR_REVISION" value="4501"/>
    <property name="ProgramW6432" value="C:\Program Files"/>
    <property name="windir" value="C:\WINDOWS"/>
    <property name="file.encoding" value="Cp1252"/>
    <property name="SystemDrive" value="C:"/>
    <property name="maven3.interceptor" value="C:\Program Files (x86)\Jenkins\plugins\maven-plugin\WEB-INF\lib\maven35-interceptor-1.13.jar"/>
    <property name="WORKSPACE_TMP" value="C:\Program Files (x86)\Jenkins\workspace\SauceDemoTest@tmp"/>
    <property name="WORKSPACE" value="C:\Program Files (x86)\Jenkins\workspace\SauceDemoTest"/>
    <property name="maven3.interceptor.common" value="C:\Program Files (x86)\Jenkins\plugins\maven-plugin\WEB-INF\lib\maven3-interceptor-commons-1.13.jar"/>
    <property name="WINSW_EXECUTABLE" value="C:\Program Files (x86)\Jenkins\jenkins.exe"/>
    <property name="java.specification.version" value="1.8"/>
    <property name="PSModulePath" value="C:\Program Files\WindowsPowerShell\Modules;C:\WINDOWS\system32\WindowsPowerShell\v1.0\Modules"/>
    <property name="DriverData" value="C:\Windows\System32\Drivers\DriverData"/>
  </properties>
  <testcase classname="com.sauce.qa.testcases.CartPageTest" name="SetUp" time="606.613">
    <failure message="session not created
from timeout: Timed out receiving message from renderer: 600.000
  (Session info: chrome=88.0.4324.150)
Build info: version: &apos;3.5.3&apos;, revision: &apos;a88d25fe6b&apos;, time: &apos;2017-08-29T12:42:44.417Z&apos;
System info: host: &apos;DEBU&apos;, ip: &apos;192.168.29.185&apos;, os.name: &apos;Windows 10&apos;, os.arch: &apos;amd64&apos;, os.version: &apos;10.0&apos;, java.version: &apos;1.8.0_131&apos;
Driver info: driver.version: ChromeDriver
remote stacktrace: Backtrace:
	GetHandleVerifier [0x0077B963+483]
	GetHandleVerifier [0x0077B941+449]
	GetHandleVerifier [0x00B23308+3832712]
	GetHandleVerifier [0x00B1778C+3784716]
	GetHandleVerifier [0x00B16A47+3781319]
	GetHandleVerifier [0x00B16E36+3782326]
	GetHandleVerifier [0x00B16765+3780581]
	GetHandleVerifier [0x00B1C420+3804320]
	GetHandleVerifier [0x00B16721+3780513]
	GetHandleVerifier [0x00B174B2+3783986]
	GetHandleVerifier [0x00B16A47+3781319]
	GetHandleVerifier [0x00B16E36+3782326]
	GetHandleVerifier [0x00B16765+3780581]
	GetHandleVerifier [0x00B1B655+3800789]
	GetHandleVerifier [0x00B16721+3780513]
	GetHandleVerifier [0x00B174B2+3783986]
	GetHandleVerifier [0x00B16A47+3781319]
	GetHandleVerifier [0x00B16E36+3782326]
	GetHandleVerifier [0x00B16765+3780581]
	GetHandleVerifier [0x00B12F46+3766214]
	GetHandleVerifier [0x00B16721+3780513]
	GetHandleVerifier [0x00B16543+3780035]
	GetHandleVerifier [0x00B16337+3779511]
	GetHandleVerifier [0x00B24540+3837376]
	GetHandleVerifier [0x00B5F4BC+4078908]
	GetHandleVerifier [0x00B5E56C+4074988]
	GetHandleVerifier [0x00B5B2EB+4062059]
	GetHandleVerifier [0x00B3ED14+3945876]
	GetHandleVerifier [0x00B3FBCE+3949646]
	GetHandleVerifier [0x00B3FB59+3949529]
	Ordinal0 [0x0073B5CC+46540]
	Ordinal0 [0x00739F53+40787]
	Ordinal0 [0x00739B12+39698]
	GetHandleVerifier [0x00A41468+2907368]
	GetHandleVerifier [0x008871EE+1096302]
	GetHandleVerifier [0x00843E8D+821005]
	GetHandleVerifier [0x0084396B+819691]
	GetHandleVerifier [0x00843881+819457]
	GetHandleVerifier [0x0086F463+998627]
	BaseThreadInitThunk [0x76566359+25]
	RtlGetAppContainerNamedObjectPath [0x77558944+228]
	RtlGetAppContainerNamedObjectPath [0x77558914+180]
" type="org.openqa.selenium.SessionNotCreatedException">org.openqa.selenium.SessionNotCreatedException: session not created
from timeout: Timed out receiving message from renderer: 600.000
  (Session info: chrome=88.0.4324.150)
Build info: version: &apos;3.5.3&apos;, revision: &apos;a88d25fe6b&apos;, time: &apos;2017-08-29T12:42:44.417Z&apos;
System info: host: &apos;DEBU&apos;, ip: &apos;192.168.29.185&apos;, os.name: &apos;Windows 10&apos;, os.arch: &apos;amd64&apos;, os.version: &apos;10.0&apos;, java.version: &apos;1.8.0_131&apos;
Driver info: driver.version: ChromeDriver
remote stacktrace: Backtrace:
	GetHandleVerifier [0x0077B963+483]
	GetHandleVerifier [0x0077B941+449]
	GetHandleVerifier [0x00B23308+3832712]
	GetHandleVerifier [0x00B1778C+3784716]
	GetHandleVerifier [0x00B16A47+3781319]
	GetHandleVerifier [0x00B16E36+3782326]
	GetHandleVerifier [0x00B16765+3780581]
	GetHandleVerifier [0x00B1C420+3804320]
	GetHandleVerifier [0x00B16721+3780513]
	GetHandleVerifier [0x00B174B2+3783986]
	GetHandleVerifier [0x00B16A47+3781319]
	GetHandleVerifier [0x00B16E36+3782326]
	GetHandleVerifier [0x00B16765+3780581]
	GetHandleVerifier [0x00B1B655+3800789]
	GetHandleVerifier [0x00B16721+3780513]
	GetHandleVerifier [0x00B174B2+3783986]
	GetHandleVerifier [0x00B16A47+3781319]
	GetHandleVerifier [0x00B16E36+3782326]
	GetHandleVerifier [0x00B16765+3780581]
	GetHandleVerifier [0x00B12F46+3766214]
	GetHandleVerifier [0x00B16721+3780513]
	GetHandleVerifier [0x00B16543+3780035]
	GetHandleVerifier [0x00B16337+3779511]
	GetHandleVerifier [0x00B24540+3837376]
	GetHandleVerifier [0x00B5F4BC+4078908]
	GetHandleVerifier [0x00B5E56C+4074988]
	GetHandleVerifier [0x00B5B2EB+4062059]
	GetHandleVerifier [0x00B3ED14+3945876]
	GetHandleVerifier [0x00B3FBCE+3949646]
	GetHandleVerifier [0x00B3FB59+3949529]
	Ordinal0 [0x0073B5CC+46540]
	Ordinal0 [0x00739F53+40787]
	Ordinal0 [0x00739B12+39698]
	GetHandleVerifier [0x00A41468+2907368]
	GetHandleVerifier [0x008871EE+1096302]
	GetHandleVerifier [0x00843E8D+821005]
	GetHandleVerifier [0x0084396B+819691]
	GetHandleVerifier [0x00843881+819457]
	GetHandleVerifier [0x0086F463+998627]
	BaseThreadInitThunk [0x76566359+25]
	RtlGetAppContainerNamedObjectPath [0x77558944+228]
	RtlGetAppContainerNamedObjectPath [0x77558914+180]

	at sun.reflect.NativeConstructorAccessorImpl.newInstance0(Native Method)
	at sun.reflect.NativeConstructorAccessorImpl.newInstance(NativeConstructorAccessorImpl.java:62)
	at sun.reflect.DelegatingConstructorAccessorImpl.newInstance(DelegatingConstructorAccessorImpl.java:45)
	at java.lang.reflect.Constructor.newInstance(Constructor.java:423)
	at org.openqa.selenium.remote.W3CHandshakeResponse.lambda$new$0(W3CHandshakeResponse.java:57)
	at org.openqa.selenium.remote.W3CHandshakeResponse.lambda$getResponseFunction$2(W3CHandshakeResponse.java:104)
	at org.openqa.selenium.remote.ProtocolHandshake.lambda$createSession$24(ProtocolHandshake.java:359)
	at java.util.stream.ReferencePipeline$3$1.accept(ReferencePipeline.java:193)
	at java.util.Spliterators$ArraySpliterator.tryAdvance(Spliterators.java:958)
	at java.util.stream.ReferencePipeline.forEachWithCancel(ReferencePipeline.java:126)
	at java.util.stream.AbstractPipeline.copyIntoWithCancel(AbstractPipeline.java:498)
	at java.util.stream.AbstractPipeline.copyInto(AbstractPipeline.java:485)
	at java.util.stream.AbstractPipeline.wrapAndCopyInto(AbstractPipeline.java:471)
	at java.util.stream.FindOps$FindOp.evaluateSequential(FindOps.java:152)
	at java.util.stream.AbstractPipeline.evaluate(AbstractPipeline.java:234)
	at java.util.stream.ReferencePipeline.findFirst(ReferencePipeline.java:464)
	at org.openqa.selenium.remote.ProtocolHandshake.createSession(ProtocolHandshake.java:362)
	at org.openqa.selenium.remote.ProtocolHandshake.createSession(ProtocolHandshake.java:136)
	at org.openqa.selenium.remote.HttpCommandExecutor.execute(HttpCommandExecutor.java:142)
	at org.openqa.selenium.remote.service.DriverCommandExecutor.execute(DriverCommandExecutor.java:82)
	at org.openqa.selenium.remote.RemoteWebDriver.execute(RemoteWebDriver.java:646)
	at org.openqa.selenium.remote.RemoteWebDriver.startSession(RemoteWebDriver.java:255)
	at org.openqa.selenium.remote.RemoteWebDriver.startSession(RemoteWebDriver.java:237)
	at org.openqa.selenium.remote.RemoteWebDriver.&lt;init&gt;(RemoteWebDriver.java:138)
	at org.openqa.selenium.chrome.ChromeDriver.&lt;init&gt;(ChromeDriver.java:178)
	at org.openqa.selenium.chrome.ChromeDriver.&lt;init&gt;(ChromeDriver.java:167)
	at org.openqa.selenium.chrome.ChromeDriver.&lt;init&gt;(ChromeDriver.java:124)
	at com.sauce.qa.base.TestBase.intialization(TestBase.java:43)
	at com.sauce.qa.testcases.CartPageTest.SetUp(CartPageTest.java:26)
</failure>
    <system-out>Configuring TestNG with: org.apache.maven.surefire.testng.conf.TestNG652Configurator@483bf400
</system-out>
    <system-err>Starting ChromeDriver 88.0.4324.96 (68dba2d8a0b149a1d3afac56fa74648032bcf46b-refs/branch-heads/4324@{#1784}) on port 8050
Only local connections are allowed.
Please see https://chromedriver.chromium.org/security-considerations for suggestions on keeping ChromeDriver safe.
ChromeDriver was started successfully.
log4j:WARN No appenders could be found for logger (org.apache.http.client.protocol.RequestAddCookies).
log4j:WARN Please initialize the log4j system properly.
[1613103655.293][SEVERE]: Timed out receiving message from renderer: 600.000
</system-err>
  </testcase>
  <testcase classname="com.sauce.qa.testcases.CartPageTest" name="clickonAddtoCartTest" time="0.002">
    <skipped/>
  </testcase>
  <testcase classname="com.sauce.qa.testcases.CartPageTest" name="tearDown" time="0.002">
    <skipped/>
  </testcase>
  <testcase classname="com.sauce.qa.testcases.CartPageTest" name="SetUp" time="0.009">
    <skipped/>
  </testcase>
  <testcase classname="com.sauce.qa.testcases.CartPageTest" name="viewCartPageTest" time="0">
    <skipped/>
  </testcase>
  <testcase classname="com.sauce.qa.testcases.CartPageTest" name="tearDown" time="0.003">
    <skipped/>
  </testcase>
  <testcase classname="com.sauce.qa.testcases.CartPageTest" name="SetUp" time="0.003">
    <skipped/>
  </testcase>
  <testcase classname="com.sauce.qa.testcases.CartPageTest" name="removeitemFromCart" time="0">
    <skipped/>
  </testcase>
  <testcase classname="com.sauce.qa.testcases.CartPageTest" name="tearDown" time="0.001">
    <skipped/>
  </testcase>
  <testcase classname="com.sauce.qa.testcases.HomePageTest" name="setUp" time="602.263">
    <failure message="session not created
from timeout: Timed out receiving message from renderer: 600.000
  (Session info: chrome=88.0.4324.150)
Build info: version: &apos;3.5.3&apos;, revision: &apos;a88d25fe6b&apos;, time: &apos;2017-08-29T12:42:44.417Z&apos;
System info: host: &apos;DEBU&apos;, ip: &apos;192.168.29.185&apos;, os.name: &apos;Windows 10&apos;, os.arch: &apos;amd64&apos;, os.version: &apos;10.0&apos;, java.version: &apos;1.8.0_131&apos;
Driver info: driver.version: ChromeDriver
remote stacktrace: Backtrace:
	GetHandleVerifier [0x0077B963+483]
	GetHandleVerifier [0x0077B941+449]
	GetHandleVerifier [0x00B23308+3832712]
	GetHandleVerifier [0x00B1778C+3784716]
	GetHandleVerifier [0x00B16A47+3781319]
	GetHandleVerifier [0x00B16E36+3782326]
	GetHandleVerifier [0x00B16765+3780581]
	GetHandleVerifier [0x00B1FB21+3818401]
	GetHandleVerifier [0x00B16721+3780513]
	GetHandleVerifier [0x00B174B2+3783986]
	GetHandleVerifier [0x00B16A47+3781319]
	GetHandleVerifier [0x00B16E36+3782326]
	GetHandleVerifier [0x00B16765+3780581]
	GetHandleVerifier [0x00B1DF9C+3811356]
	GetHandleVerifier [0x00B16721+3780513]
	GetHandleVerifier [0x00B174B2+3783986]
	GetHandleVerifier [0x00B16A47+3781319]
	GetHandleVerifier [0x00B16E36+3782326]
	GetHandleVerifier [0x00B16765+3780581]
	GetHandleVerifier [0x00B1C392+3804178]
	GetHandleVerifier [0x00B16721+3780513]
	GetHandleVerifier [0x00B174B2+3783986]
	GetHandleVerifier [0x00B16A47+3781319]
	GetHandleVerifier [0x00B16E36+3782326]
	GetHandleVerifier [0x00B16765+3780581]
	GetHandleVerifier [0x00B1B655+3800789]
	GetHandleVerifier [0x00B16721+3780513]
	GetHandleVerifier [0x00B174B2+3783986]
	GetHandleVerifier [0x00B16A47+3781319]
	GetHandleVerifier [0x00B16E36+3782326]
	GetHandleVerifier [0x00B16765+3780581]
	GetHandleVerifier [0x00B12F46+3766214]
	GetHandleVerifier [0x00B16721+3780513]
	GetHandleVerifier [0x00B16543+3780035]
	GetHandleVerifier [0x00B16337+3779511]
	GetHandleVerifier [0x00B24540+3837376]
	GetHandleVerifier [0x00B5F4BC+4078908]
	GetHandleVerifier [0x00B5E56C+4074988]
	GetHandleVerifier [0x00B5B2EB+4062059]
	GetHandleVerifier [0x00B3ED14+3945876]
	GetHandleVerifier [0x00B3FBCE+3949646]
	GetHandleVerifier [0x00B3FB59+3949529]
	Ordinal0 [0x0073B5CC+46540]
	Ordinal0 [0x00739F53+40787]
	Ordinal0 [0x00739B12+39698]
	GetHandleVerifier [0x00A41468+2907368]
	GetHandleVerifier [0x008871EE+1096302]
	GetHandleVerifier [0x00843E8D+821005]
	GetHandleVerifier [0x0084396B+819691]
	GetHandleVerifier [0x00843881+819457]
	GetHandleVerifier [0x0086F463+998627]
	BaseThreadInitThunk [0x76566359+25]
	RtlGetAppContainerNamedObjectPath [0x77558944+228]
	RtlGetAppContainerNamedObjectPath [0x77558914+180]
" type="org.openqa.selenium.SessionNotCreatedException">org.openqa.selenium.SessionNotCreatedException: session not created
from timeout: Timed out receiving message from renderer: 600.000
  (Session info: chrome=88.0.4324.150)
Build info: version: &apos;3.5.3&apos;, revision: &apos;a88d25fe6b&apos;, time: &apos;2017-08-29T12:42:44.417Z&apos;
System info: host: &apos;DEBU&apos;, ip: &apos;192.168.29.185&apos;, os.name: &apos;Windows 10&apos;, os.arch: &apos;amd64&apos;, os.version: &apos;10.0&apos;, java.version: &apos;1.8.0_131&apos;
Driver info: driver.version: ChromeDriver
remote stacktrace: Backtrace:
	GetHandleVerifier [0x0077B963+483]
	GetHandleVerifier [0x0077B941+449]
	GetHandleVerifier [0x00B23308+3832712]
	GetHandleVerifier [0x00B1778C+3784716]
	GetHandleVerifier [0x00B16A47+3781319]
	GetHandleVerifier [0x00B16E36+3782326]
	GetHandleVerifier [0x00B16765+3780581]
	GetHandleVerifier [0x00B1FB21+3818401]
	GetHandleVerifier [0x00B16721+3780513]
	GetHandleVerifier [0x00B174B2+3783986]
	GetHandleVerifier [0x00B16A47+3781319]
	GetHandleVerifier [0x00B16E36+3782326]
	GetHandleVerifier [0x00B16765+3780581]
	GetHandleVerifier [0x00B1DF9C+3811356]
	GetHandleVerifier [0x00B16721+3780513]
	GetHandleVerifier [0x00B174B2+3783986]
	GetHandleVerifier [0x00B16A47+3781319]
	GetHandleVerifier [0x00B16E36+3782326]
	GetHandleVerifier [0x00B16765+3780581]
	GetHandleVerifier [0x00B1C392+3804178]
	GetHandleVerifier [0x00B16721+3780513]
	GetHandleVerifier [0x00B174B2+3783986]
	GetHandleVerifier [0x00B16A47+3781319]
	GetHandleVerifier [0x00B16E36+3782326]
	GetHandleVerifier [0x00B16765+3780581]
	GetHandleVerifier [0x00B1B655+3800789]
	GetHandleVerifier [0x00B16721+3780513]
	GetHandleVerifier [0x00B174B2+3783986]
	GetHandleVerifier [0x00B16A47+3781319]
	GetHandleVerifier [0x00B16E36+3782326]
	GetHandleVerifier [0x00B16765+3780581]
	GetHandleVerifier [0x00B12F46+3766214]
	GetHandleVerifier [0x00B16721+3780513]
	GetHandleVerifier [0x00B16543+3780035]
	GetHandleVerifier [0x00B16337+3779511]
	GetHandleVerifier [0x00B24540+3837376]
	GetHandleVerifier [0x00B5F4BC+4078908]
	GetHandleVerifier [0x00B5E56C+4074988]
	GetHandleVerifier [0x00B5B2EB+4062059]
	GetHandleVerifier [0x00B3ED14+3945876]
	GetHandleVerifier [0x00B3FBCE+3949646]
	GetHandleVerifier [0x00B3FB59+3949529]
	Ordinal0 [0x0073B5CC+46540]
	Ordinal0 [0x00739F53+40787]
	Ordinal0 [0x00739B12+39698]
	GetHandleVerifier [0x00A41468+2907368]
	GetHandleVerifier [0x008871EE+1096302]
	GetHandleVerifier [0x00843E8D+821005]
	GetHandleVerifier [0x0084396B+819691]
	GetHandleVerifier [0x00843881+819457]
	GetHandleVerifier [0x0086F463+998627]
	BaseThreadInitThunk [0x76566359+25]
	RtlGetAppContainerNamedObjectPath [0x77558944+228]
	RtlGetAppContainerNamedObjectPath [0x77558914+180]

	at sun.reflect.NativeConstructorAccessorImpl.newInstance0(Native Method)
	at sun.reflect.NativeConstructorAccessorImpl.newInstance(NativeConstructorAccessorImpl.java:62)
	at sun.reflect.DelegatingConstructorAccessorImpl.newInstance(DelegatingConstructorAccessorImpl.java:45)
	at java.lang.reflect.Constructor.newInstance(Constructor.java:423)
	at org.openqa.selenium.remote.W3CHandshakeResponse.lambda$new$0(W3CHandshakeResponse.java:57)
	at org.openqa.selenium.remote.W3CHandshakeResponse.lambda$getResponseFunction$2(W3CHandshakeResponse.java:104)
	at org.openqa.selenium.remote.ProtocolHandshake.lambda$createSession$24(ProtocolHandshake.java:359)
	at java.util.stream.ReferencePipeline$3$1.accept(ReferencePipeline.java:193)
	at java.util.Spliterators$ArraySpliterator.tryAdvance(Spliterators.java:958)
	at java.util.stream.ReferencePipeline.forEachWithCancel(ReferencePipeline.java:126)
	at java.util.stream.AbstractPipeline.copyIntoWithCancel(AbstractPipeline.java:498)
	at java.util.stream.AbstractPipeline.copyInto(AbstractPipeline.java:485)
	at java.util.stream.AbstractPipeline.wrapAndCopyInto(AbstractPipeline.java:471)
	at java.util.stream.FindOps$FindOp.evaluateSequential(FindOps.java:152)
	at java.util.stream.AbstractPipeline.evaluate(AbstractPipeline.java:234)
	at java.util.stream.ReferencePipeline.findFirst(ReferencePipeline.java:464)
	at org.openqa.selenium.remote.ProtocolHandshake.createSession(ProtocolHandshake.java:362)
	at org.openqa.selenium.remote.ProtocolHandshake.createSession(ProtocolHandshake.java:136)
	at org.openqa.selenium.remote.HttpCommandExecutor.execute(HttpCommandExecutor.java:142)
	at org.openqa.selenium.remote.service.DriverCommandExecutor.execute(DriverCommandExecutor.java:82)
	at org.openqa.selenium.remote.RemoteWebDriver.execute(RemoteWebDriver.java:646)
	at org.openqa.selenium.remote.RemoteWebDriver.startSession(RemoteWebDriver.java:255)
	at org.openqa.selenium.remote.RemoteWebDriver.startSession(RemoteWebDriver.java:237)
	at org.openqa.selenium.remote.RemoteWebDriver.&lt;init&gt;(RemoteWebDriver.java:138)
	at org.openqa.selenium.chrome.ChromeDriver.&lt;init&gt;(ChromeDriver.java:178)
	at org.openqa.selenium.chrome.ChromeDriver.&lt;init&gt;(ChromeDriver.java:167)
	at org.openqa.selenium.chrome.ChromeDriver.&lt;init&gt;(ChromeDriver.java:124)
	at com.sauce.qa.base.TestBase.intialization(TestBase.java:43)
	at com.sauce.qa.testcases.HomePageTest.setUp(HomePageTest.java:29)
</failure>
    <system-err>Starting ChromeDriver 88.0.4324.96 (68dba2d8a0b149a1d3afac56fa74648032bcf46b-refs/branch-heads/4324@{#1784}) on port 2979
Only local connections are allowed.
Please see https://chromedriver.chromium.org/security-considerations for suggestions on keeping ChromeDriver safe.
ChromeDriver was started successfully.
[1613104258.050][SEVERE]: Timed out receiving message from renderer: 600.000
</system-err>
  </testcase>
  <testcase classname="com.sauce.qa.testcases.HomePageTest" name="clickonAddtoCartTest" time="0">
    <skipped/>
  </testcase>
  <testcase classname="com.sauce.qa.testcases.HomePageTest" name="tearDown" time="0">
    <skipped/>
  </testcase>
  <testcase classname="com.sauce.qa.testcases.HomePageTest" name="setUp" time="0">
    <skipped/>
  </testcase>
  <testcase classname="com.sauce.qa.testcases.HomePageTest" name="viewCartPageTest" time="0">
    <skipped/>
  </testcase>
  <testcase classname="com.sauce.qa.testcases.HomePageTest" name="tearDown" time="0">
    <skipped/>
  </testcase>
  <testcase classname="com.sauce.qa.testcases.HomePageTest" name="sortTheProductsTest" time="0.016">
    <failure message="
Cannot inject @Test annotated Method [sortTheProductsTest] with [class java.lang.String].
For more information on native dependency injection please refer to https://testng.org/doc/documentation-main.html#native-dependency-injection" type="org.testng.TestNGException">org.testng.TestNGException: 
Cannot inject @Test annotated Method [sortTheProductsTest] with [class java.lang.String].
For more information on native dependency injection please refer to https://testng.org/doc/documentation-main.html#native-dependency-injection
	at org.testng.internal.Parameters.checkParameterTypes(Parameters.java:437)
	at org.testng.internal.Parameters.createParametersForMethod(Parameters.java:351)
	at org.testng.internal.Parameters.createParameters(Parameters.java:708)
	at org.testng.internal.Parameters.handleParameters(Parameters.java:875)
	at org.testng.internal.Parameters.handleParameters(Parameters.java:740)
	at org.testng.internal.ParameterHandler.handleParameters(ParameterHandler.java:59)
	at org.testng.internal.ParameterHandler.createParameters(ParameterHandler.java:38)
	at org.testng.internal.TestInvoker$MethodInvocationAgent.invoke(TestInvoker.java:789)
	at org.testng.internal.TestInvoker.invokeTestMethods(TestInvoker.java:147)
	at org.testng.internal.TestMethodWorker.invokeTestMethods(TestMethodWorker.java:146)
	at org.testng.internal.TestMethodWorker.run(TestMethodWorker.java:128)
	at java.util.ArrayList.forEach(ArrayList.java:1249)
	at org.testng.TestRunner.privateRun(TestRunner.java:764)
	at org.testng.TestRunner.run(TestRunner.java:585)
	at org.testng.SuiteRunner.runTest(SuiteRunner.java:384)
	at org.testng.SuiteRunner.runSequentially(SuiteRunner.java:378)
	at org.testng.SuiteRunner.privateRun(SuiteRunner.java:337)
	at org.testng.SuiteRunner.run(SuiteRunner.java:286)
	at org.testng.SuiteRunnerWorker.runSuite(SuiteRunnerWorker.java:53)
	at org.testng.SuiteRunnerWorker.run(SuiteRunnerWorker.java:96)
	at org.testng.TestNG.runSuitesSequentially(TestNG.java:1218)
	at org.testng.TestNG.runSuitesLocally(TestNG.java:1140)
	at org.testng.TestNG.runSuites(TestNG.java:1069)
	at org.testng.TestNG.run(TestNG.java:1037)
	at org.apache.maven.surefire.testng.TestNGExecutor.run(TestNGExecutor.java:77)
	at org.apache.maven.surefire.testng.TestNGDirectoryTestSuite.executeMulti(TestNGDirectoryTestSuite.java:159)
	at org.apache.maven.surefire.testng.TestNGDirectoryTestSuite.execute(TestNGDirectoryTestSuite.java:99)
	at org.apache.maven.surefire.testng.TestNGProvider.invoke(TestNGProvider.java:106)
	at sun.reflect.NativeMethodAccessorImpl.invoke0(Native Method)
	at sun.reflect.NativeMethodAccessorImpl.invoke(NativeMethodAccessorImpl.java:62)
	at sun.reflect.DelegatingMethodAccessorImpl.invoke(DelegatingMethodAccessorImpl.java:43)
	at java.lang.reflect.Method.invoke(Method.java:498)
	at org.apache.maven.surefire.util.ReflectionUtils.invokeMethodWithArray(ReflectionUtils.java:189)
	at org.apache.maven.surefire.booter.ProviderFactory$ProviderProxy.invoke(ProviderFactory.java:165)
	at org.apache.maven.surefire.booter.ProviderFactory.invokeProvider(ProviderFactory.java:85)
	at org.apache.maven.surefire.booter.ForkedBooter.runSuitesInProcess(ForkedBooter.java:115)
	at org.apache.maven.surefire.booter.ForkedBooter.main(ForkedBooter.java:75)
</failure>
    <system-err>[Utils] [ERROR] [Error] org.testng.TestNGException: 
Cannot inject @Test annotated Method [sortTheProductsTest] with [class java.lang.String].
For more information on native dependency injection please refer to https://testng.org/doc/documentation-main.html#native-dependency-injection
	at org.testng.internal.Parameters.checkParameterTypes(Parameters.java:437)
	at org.testng.internal.Parameters.createParametersForMethod(Parameters.java:351)
	at org.testng.internal.Parameters.createParameters(Parameters.java:708)
	at org.testng.internal.Parameters.handleParameters(Parameters.java:875)
	at org.testng.internal.Parameters.handleParameters(Parameters.java:740)
	at org.testng.internal.ParameterHandler.handleParameters(ParameterHandler.java:59)
	at org.testng.internal.ParameterHandler.createParameters(ParameterHandler.java:38)
	at org.testng.internal.TestInvoker$MethodInvocationAgent.invoke(TestInvoker.java:789)
	at org.testng.internal.TestInvoker.invokeTestMethods(TestInvoker.java:147)
	at org.testng.internal.TestMethodWorker.invokeTestMethods(TestMethodWorker.java:146)
	at org.testng.internal.TestMethodWorker.run(TestMethodWorker.java:128)
	at java.util.ArrayList.forEach(ArrayList.java:1249)
	at org.testng.TestRunner.privateRun(TestRunner.java:764)
	at org.testng.TestRunner.run(TestRunner.java:585)
	at org.testng.SuiteRunner.runTest(SuiteRunner.java:384)
	at org.testng.SuiteRunner.runSequentially(SuiteRunner.java:378)
	at org.testng.SuiteRunner.privateRun(SuiteRunner.java:337)
	at org.testng.SuiteRunner.run(SuiteRunner.java:286)
	at org.testng.SuiteRunnerWorker.runSuite(SuiteRunnerWorker.java:53)
	at org.testng.SuiteRunnerWorker.run(SuiteRunnerWorker.java:96)
	at org.testng.TestNG.runSuitesSequentially(TestNG.java:1218)
	at org.testng.TestNG.runSuitesLocally(TestNG.java:1140)
	at org.testng.TestNG.runSuites(TestNG.java:1069)
	at org.testng.TestNG.run(TestNG.java:1037)
	at org.apache.maven.surefire.testng.TestNGExecutor.run(TestNGExecutor.java:77)
	at org.apache.maven.surefire.testng.TestNGDirectoryTestSuite.executeMulti(TestNGDirectoryTestSuite.java:159)
	at org.apache.maven.surefire.testng.TestNGDirectoryTestSuite.execute(TestNGDirectoryTestSuite.java:99)
	at org.apache.maven.surefire.testng.TestNGProvider.invoke(TestNGProvider.java:106)
	at sun.reflect.NativeMethodAccessorImpl.invoke0(Native Method)
	at sun.reflect.NativeMethodAccessorImpl.invoke(NativeMethodAccessorImpl.java:62)
	at sun.reflect.DelegatingMethodAccessorImpl.invoke(DelegatingMethodAccessorImpl.java:43)
	at java.lang.reflect.Method.invoke(Method.java:498)
	at org.apache.maven.surefire.util.ReflectionUtils.invokeMethodWithArray(ReflectionUtils.java:189)
	at org.apache.maven.surefire.booter.ProviderFactory$ProviderProxy.invoke(ProviderFactory.java:165)
	at org.apache.maven.surefire.booter.ProviderFactory.invokeProvider(ProviderFactory.java:85)
	at org.apache.maven.surefire.booter.ForkedBooter.runSuitesInProcess(ForkedBooter.java:115)
	at org.apache.maven.surefire.booter.ForkedBooter.main(ForkedBooter.java:75)

</system-err>
  </testcase>
  <testcase classname="com.sauce.qa.testcases.LoginPageTest" name="setUp" time="602.54">
    <failure message="session not created
from timeout: Timed out receiving message from renderer: 600.000
  (Session info: chrome=88.0.4324.150)
Build info: version: &apos;3.5.3&apos;, revision: &apos;a88d25fe6b&apos;, time: &apos;2017-08-29T12:42:44.417Z&apos;
System info: host: &apos;DEBU&apos;, ip: &apos;192.168.29.185&apos;, os.name: &apos;Windows 10&apos;, os.arch: &apos;amd64&apos;, os.version: &apos;10.0&apos;, java.version: &apos;1.8.0_131&apos;
Driver info: driver.version: ChromeDriver
remote stacktrace: Backtrace:
	GetHandleVerifier [0x0077B963+483]
	GetHandleVerifier [0x0077B941+449]
	GetHandleVerifier [0x00B23308+3832712]
	GetHandleVerifier [0x00B1778C+3784716]
	GetHandleVerifier [0x00B16A47+3781319]
	GetHandleVerifier [0x00B16E36+3782326]
	GetHandleVerifier [0x00B16765+3780581]
	GetHandleVerifier [0x00B1FB21+3818401]
	GetHandleVerifier [0x00B16721+3780513]
	GetHandleVerifier [0x00B174B2+3783986]
	GetHandleVerifier [0x00B16A47+3781319]
	GetHandleVerifier [0x00B16E36+3782326]
	GetHandleVerifier [0x00B16765+3780581]
	GetHandleVerifier [0x00B1DF9C+3811356]
	GetHandleVerifier [0x00B16721+3780513]
	GetHandleVerifier [0x00B174B2+3783986]
	GetHandleVerifier [0x00B16A47+3781319]
	GetHandleVerifier [0x00B16E36+3782326]
	GetHandleVerifier [0x00B16765+3780581]
	GetHandleVerifier [0x00B1C392+3804178]
	GetHandleVerifier [0x00B16721+3780513]
	GetHandleVerifier [0x00B174B2+3783986]
	GetHandleVerifier [0x00B16A47+3781319]
	GetHandleVerifier [0x00B16E36+3782326]
	GetHandleVerifier [0x00B16765+3780581]
	GetHandleVerifier [0x00B1B655+3800789]
	GetHandleVerifier [0x00B16721+3780513]
	GetHandleVerifier [0x00B174B2+3783986]
	GetHandleVerifier [0x00B16A47+3781319]
	GetHandleVerifier [0x00B16E36+3782326]
	GetHandleVerifier [0x00B16765+3780581]
	GetHandleVerifier [0x00B12F46+3766214]
	GetHandleVerifier [0x00B16721+3780513]
	GetHandleVerifier [0x00B16543+3780035]
	GetHandleVerifier [0x00B16337+3779511]
	GetHandleVerifier [0x00B24540+3837376]
	GetHandleVerifier [0x00B5F4BC+4078908]
	GetHandleVerifier [0x00B5E56C+4074988]
	GetHandleVerifier [0x00B5B2EB+4062059]
	GetHandleVerifier [0x00B3ED14+3945876]
	GetHandleVerifier [0x00B3FBCE+3949646]
	GetHandleVerifier [0x00B3FB59+3949529]
	Ordinal0 [0x0073B5CC+46540]
	Ordinal0 [0x00739F53+40787]
	Ordinal0 [0x00739B12+39698]
	GetHandleVerifier [0x00A41468+2907368]
	GetHandleVerifier [0x008871EE+1096302]
	GetHandleVerifier [0x00843E8D+821005]
	GetHandleVerifier [0x0084396B+819691]
	GetHandleVerifier [0x00843881+819457]
	GetHandleVerifier [0x0086F463+998627]
	BaseThreadInitThunk [0x76566359+25]
	RtlGetAppContainerNamedObjectPath [0x77558944+228]
	RtlGetAppContainerNamedObjectPath [0x77558914+180]
" type="org.openqa.selenium.SessionNotCreatedException">org.openqa.selenium.SessionNotCreatedException: session not created
from timeout: Timed out receiving message from renderer: 600.000
  (Session info: chrome=88.0.4324.150)
Build info: version: &apos;3.5.3&apos;, revision: &apos;a88d25fe6b&apos;, time: &apos;2017-08-29T12:42:44.417Z&apos;
System info: host: &apos;DEBU&apos;, ip: &apos;192.168.29.185&apos;, os.name: &apos;Windows 10&apos;, os.arch: &apos;amd64&apos;, os.version: &apos;10.0&apos;, java.version: &apos;1.8.0_131&apos;
Driver info: driver.version: ChromeDriver
remote stacktrace: Backtrace:
	GetHandleVerifier [0x0077B963+483]
	GetHandleVerifier [0x0077B941+449]
	GetHandleVerifier [0x00B23308+3832712]
	GetHandleVerifier [0x00B1778C+3784716]
	GetHandleVerifier [0x00B16A47+3781319]
	GetHandleVerifier [0x00B16E36+3782326]
	GetHandleVerifier [0x00B16765+3780581]
	GetHandleVerifier [0x00B1FB21+3818401]
	GetHandleVerifier [0x00B16721+3780513]
	GetHandleVerifier [0x00B174B2+3783986]
	GetHandleVerifier [0x00B16A47+3781319]
	GetHandleVerifier [0x00B16E36+3782326]
	GetHandleVerifier [0x00B16765+3780581]
	GetHandleVerifier [0x00B1DF9C+3811356]
	GetHandleVerifier [0x00B16721+3780513]
	GetHandleVerifier [0x00B174B2+3783986]
	GetHandleVerifier [0x00B16A47+3781319]
	GetHandleVerifier [0x00B16E36+3782326]
	GetHandleVerifier [0x00B16765+3780581]
	GetHandleVerifier [0x00B1C392+3804178]
	GetHandleVerifier [0x00B16721+3780513]
	GetHandleVerifier [0x00B174B2+3783986]
	GetHandleVerifier [0x00B16A47+3781319]
	GetHandleVerifier [0x00B16E36+3782326]
	GetHandleVerifier [0x00B16765+3780581]
	GetHandleVerifier [0x00B1B655+3800789]
	GetHandleVerifier [0x00B16721+3780513]
	GetHandleVerifier [0x00B174B2+3783986]
	GetHandleVerifier [0x00B16A47+3781319]
	GetHandleVerifier [0x00B16E36+3782326]
	GetHandleVerifier [0x00B16765+3780581]
	GetHandleVerifier [0x00B12F46+3766214]
	GetHandleVerifier [0x00B16721+3780513]
	GetHandleVerifier [0x00B16543+3780035]
	GetHandleVerifier [0x00B16337+3779511]
	GetHandleVerifier [0x00B24540+3837376]
	GetHandleVerifier [0x00B5F4BC+4078908]
	GetHandleVerifier [0x00B5E56C+4074988]
	GetHandleVerifier [0x00B5B2EB+4062059]
	GetHandleVerifier [0x00B3ED14+3945876]
	GetHandleVerifier [0x00B3FBCE+3949646]
	GetHandleVerifier [0x00B3FB59+3949529]
	Ordinal0 [0x0073B5CC+46540]
	Ordinal0 [0x00739F53+40787]
	Ordinal0 [0x00739B12+39698]
	GetHandleVerifier [0x00A41468+2907368]
	GetHandleVerifier [0x008871EE+1096302]
	GetHandleVerifier [0x00843E8D+821005]
	GetHandleVerifier [0x0084396B+819691]
	GetHandleVerifier [0x00843881+819457]
	GetHandleVerifier [0x0086F463+998627]
	BaseThreadInitThunk [0x76566359+25]
	RtlGetAppContainerNamedObjectPath [0x77558944+228]
	RtlGetAppContainerNamedObjectPath [0x77558914+180]

	at sun.reflect.NativeConstructorAccessorImpl.newInstance0(Native Method)
	at sun.reflect.NativeConstructorAccessorImpl.newInstance(NativeConstructorAccessorImpl.java:62)
	at sun.reflect.DelegatingConstructorAccessorImpl.newInstance(DelegatingConstructorAccessorImpl.java:45)
	at java.lang.reflect.Constructor.newInstance(Constructor.java:423)
	at org.openqa.selenium.remote.W3CHandshakeResponse.lambda$new$0(W3CHandshakeResponse.java:57)
	at org.openqa.selenium.remote.W3CHandshakeResponse.lambda$getResponseFunction$2(W3CHandshakeResponse.java:104)
	at org.openqa.selenium.remote.ProtocolHandshake.lambda$createSession$24(ProtocolHandshake.java:359)
	at java.util.stream.ReferencePipeline$3$1.accept(ReferencePipeline.java:193)
	at java.util.Spliterators$ArraySpliterator.tryAdvance(Spliterators.java:958)
	at java.util.stream.ReferencePipeline.forEachWithCancel(ReferencePipeline.java:126)
	at java.util.stream.AbstractPipeline.copyIntoWithCancel(AbstractPipeline.java:498)
	at java.util.stream.AbstractPipeline.copyInto(AbstractPipeline.java:485)
	at java.util.stream.AbstractPipeline.wrapAndCopyInto(AbstractPipeline.java:471)
	at java.util.stream.FindOps$FindOp.evaluateSequential(FindOps.java:152)
	at java.util.stream.AbstractPipeline.evaluate(AbstractPipeline.java:234)
	at java.util.stream.ReferencePipeline.findFirst(ReferencePipeline.java:464)
	at org.openqa.selenium.remote.ProtocolHandshake.createSession(ProtocolHandshake.java:362)
	at org.openqa.selenium.remote.ProtocolHandshake.createSession(ProtocolHandshake.java:136)
	at org.openqa.selenium.remote.HttpCommandExecutor.execute(HttpCommandExecutor.java:142)
	at org.openqa.selenium.remote.service.DriverCommandExecutor.execute(DriverCommandExecutor.java:82)
	at org.openqa.selenium.remote.RemoteWebDriver.execute(RemoteWebDriver.java:646)
	at org.openqa.selenium.remote.RemoteWebDriver.startSession(RemoteWebDriver.java:255)
	at org.openqa.selenium.remote.RemoteWebDriver.startSession(RemoteWebDriver.java:237)
	at org.openqa.selenium.remote.RemoteWebDriver.&lt;init&gt;(RemoteWebDriver.java:138)
	at org.openqa.selenium.chrome.ChromeDriver.&lt;init&gt;(ChromeDriver.java:178)
	at org.openqa.selenium.chrome.ChromeDriver.&lt;init&gt;(ChromeDriver.java:167)
	at org.openqa.selenium.chrome.ChromeDriver.&lt;init&gt;(ChromeDriver.java:124)
	at com.sauce.qa.base.TestBase.intialization(TestBase.java:43)
	at com.sauce.qa.testcases.LoginPageTest.setUp(LoginPageTest.java:23)
</failure>
    <system-err>Starting ChromeDriver 88.0.4324.96 (68dba2d8a0b149a1d3afac56fa74648032bcf46b-refs/branch-heads/4324@{#1784}) on port 18122
Only local connections are allowed.
Please see https://chromedriver.chromium.org/security-considerations for suggestions on keeping ChromeDriver safe.
ChromeDriver was started successfully.
[1613104860.529][SEVERE]: Timed out receiving message from renderer: 600.000
</system-err>
  </testcase>
  <testcase classname="com.sauce.qa.testcases.LoginPageTest" name="loginTest" time="0">
    <skipped/>
  </testcase>
  <testcase classname="com.sauce.qa.testcases.LoginPageTest" name="tearDown" time="0">
    <skipped/>
  </testcase>
</testsuite>