<?xml version="1.0" encoding="UTF-8"?>
<!-- Generated by org.testng.reporters.JUnitReportReporter -->
<testsuite skipped="2" hostname="DEBU" name="com.sauce.qa.testcases.HomePageTest" tests="4" failures="0" timestamp="2021-02-12T10:11:01 IST" time="602.261" errors="2">
  <testcase name="setUp" time="602.261" classname="com.sauce.qa.testcases.HomePageTest">
    <error type="org.openqa.selenium.SessionNotCreatedException" message="session not created
from timeout: Timed out receiving message from renderer: 600.000
  (Session info: chrome=88.0.4324.150)
Build info: version: &#039;3.5.3&#039;, revision: &#039;a88d25fe6b&#039;, time: &#039;2017-08-29T12:42:44.417Z&#039;
System info: host: &#039;DEBU&#039;, ip: &#039;192.168.29.185&#039;, os.name: &#039;Windows 10&#039;, os.arch: &#039;amd64&#039;, os.version: &#039;10.0&#039;, java.version: &#039;1.8.0_131&#039;
Driver info: driver.version: ChromeDriver
remote stacktrace: Backtrace:
	GetHandleVerifier [0x0077B963+483]
	GetHandleVerifier [0x0077B941+449]
	GetHandleVerifier [0x00B23308+3832712]
	GetHandleVerifier [0x00B1778C+3784716]
	GetHandleVerifier [0x00B16A47+3781319]
	GetHandleVerifier [0x00B16E36+3782326]
	GetHandleVerifier [0x00B16765+3780581]
	GetHandleVerifier [0x00B1FB21+3818401]
	GetHandleVerifier [0x00B16721+3780513]
	GetHandleVerifier [0x00B174B2+3783986]
	GetHandleVerifier [0x00B16A47+3781319]
	GetHandleVerifier [0x00B16E36+3782326]
	GetHandleVerifier [0x00B16765+3780581]
	GetHandleVerifier [0x00B1DF9C+3811356]
	GetHandleVerifier [0x00B16721+3780513]
	GetHandleVerifier [0x00B174B2+3783986]
	GetHandleVerifier [0x00B16A47+3781319]
	GetHandleVerifier [0x00B16E36+3782326]
	GetHandleVerifier [0x00B16765+3780581]
	GetHandleVerifier [0x00B1C392+3804178]
	GetHandleVerifier [0x00B16721+3780513]
	GetHandleVerifier [0x00B174B2+3783986]
	GetHandleVerifier [0x00B16A47+3781319]
	GetHandleVerifier [0x00B16E36+3782326]
	GetHandleVerifier [0x00B16765+3780581]
	GetHandleVerifier [0x00B1B655+3800789]
	GetHandleVerifier [0x00B16721+3780513]
	GetHandleVerifier [0x00B174B2+3783986]
	GetHandleVerifier [0x00B16A47+3781319]
	GetHandleVerifier [0x00B16E36+3782326]
	GetHandleVerifier [0x00B16765+3780581]
	GetHandleVerifier [0x00B12F46+3766214]
	GetHandleVerifier [0x00B16721+3780513]
	GetHandleVerifier [0x00B16543+3780035]
	GetHandleVerifier [0x00B16337+3779511]
	GetHandleVerifier [0x00B24540+3837376]
	GetHandleVerifier [0x00B5F4BC+4078908]
	GetHandleVerifier [0x00B5E56C+4074988]
	GetHandleVerifier [0x00B5B2EB+4062059]
	GetHandleVerifier [0x00B3ED14+3945876]
	GetHandleVerifier [0x00B3FBCE+3949646]
	GetHandleVerifier [0x00B3FB59+3949529]
	Ordinal0 [0x0073B5CC+46540]
	Ordinal0 [0x00739F53+40787]
	Ordinal0 [0x00739B12+39698]
	GetHandleVerifier [0x00A41468+2907368]
	GetHandleVerifier [0x008871EE+1096302]
	GetHandleVerifier [0x00843E8D+821005]
	GetHandleVerifier [0x0084396B+819691]
	GetHandleVerifier [0x00843881+819457]
	GetHandleVerifier [0x0086F463+998627]
	BaseThreadInitThunk [0x76566359+25]
	RtlGetAppContainerNamedObjectPath [0x77558944+228]
	RtlGetAppContainerNamedObjectPath [0x77558914+180]
">
      <![CDATA[org.openqa.selenium.SessionNotCreatedException: session not created
from timeout: Timed out receiving message from renderer: 600.000
  (Session info: chrome=88.0.4324.150)
Build info: version: '3.5.3', revision: 'a88d25fe6b', time: '2017-08-29T12:42:44.417Z'
System info: host: 'DEBU', ip: '192.168.29.185', os.name: 'Windows 10', os.arch: 'amd64', os.version: '10.0', java.version: '1.8.0_131'
Driver info: driver.version: ChromeDriver
remote stacktrace: Backtrace:
GetHandleVerifier [0x0077B963+483]
GetHandleVerifier [0x0077B941+449]
GetHandleVerifier [0x00B23308+3832712]
GetHandleVerifier [0x00B1778C+3784716]
GetHandleVerifier [0x00B16A47+3781319]
GetHandleVerifier [0x00B16E36+3782326]
GetHandleVerifier [0x00B16765+3780581]
GetHandleVerifier [0x00B1FB21+3818401]
GetHandleVerifier [0x00B16721+3780513]
GetHandleVerifier [0x00B174B2+3783986]
GetHandleVerifier [0x00B16A47+3781319]
GetHandleVerifier [0x00B16E36+3782326]
GetHandleVerifier [0x00B16765+3780581]
GetHandleVerifier [0x00B1DF9C+3811356]
GetHandleVerifier [0x00B16721+3780513]
GetHandleVerifier [0x00B174B2+3783986]
GetHandleVerifier [0x00B16A47+3781319]
GetHandleVerifier [0x00B16E36+3782326]
GetHandleVerifier [0x00B16765+3780581]
GetHandleVerifier [0x00B1C392+3804178]
GetHandleVerifier [0x00B16721+3780513]
GetHandleVerifier [0x00B174B2+3783986]
GetHandleVerifier [0x00B16A47+3781319]
GetHandleVerifier [0x00B16E36+3782326]
GetHandleVerifier [0x00B16765+3780581]
GetHandleVerifier [0x00B1B655+3800789]
GetHandleVerifier [0x00B16721+3780513]
GetHandleVerifier [0x00B174B2+3783986]
GetHandleVerifier [0x00B16A47+3781319]
GetHandleVerifier [0x00B16E36+3782326]
GetHandleVerifier [0x00B16765+3780581]
GetHandleVerifier [0x00B12F46+3766214]
GetHandleVerifier [0x00B16721+3780513]
GetHandleVerifier [0x00B16543+3780035]
GetHandleVerifier [0x00B16337+3779511]
GetHandleVerifier [0x00B24540+3837376]
GetHandleVerifier [0x00B5F4BC+4078908]
GetHandleVerifier [0x00B5E56C+4074988]
GetHandleVerifier [0x00B5B2EB+4062059]
GetHandleVerifier [0x00B3ED14+3945876]
GetHandleVerifier [0x00B3FBCE+3949646]
GetHandleVerifier [0x00B3FB59+3949529]
Ordinal0 [0x0073B5CC+46540]
Ordinal0 [0x00739F53+40787]
Ordinal0 [0x00739B12+39698]
GetHandleVerifier [0x00A41468+2907368]
GetHandleVerifier [0x008871EE+1096302]
GetHandleVerifier [0x00843E8D+821005]
GetHandleVerifier [0x0084396B+819691]
GetHandleVerifier [0x00843881+819457]
GetHandleVerifier [0x0086F463+998627]
BaseThreadInitThunk [0x76566359+25]
RtlGetAppContainerNamedObjectPath [0x77558944+228]
RtlGetAppContainerNamedObjectPath [0x77558914+180]

at sun.reflect.NativeConstructorAccessorImpl.newInstance0(Native Method)
at sun.reflect.NativeConstructorAccessorImpl.newInstance(NativeConstructorAccessorImpl.java:62)
at sun.reflect.DelegatingConstructorAccessorImpl.newInstance(DelegatingConstructorAccessorImpl.java:45)
at java.lang.reflect.Constructor.newInstance(Constructor.java:423)
at org.openqa.selenium.remote.W3CHandshakeResponse.lambda$new$0(W3CHandshakeResponse.java:57)
at org.openqa.selenium.remote.W3CHandshakeResponse.lambda$getResponseFunction$2(W3CHandshakeResponse.java:104)
at org.openqa.selenium.remote.ProtocolHandshake.lambda$createSession$24(ProtocolHandshake.java:359)
at java.util.stream.ReferencePipeline$3$1.accept(ReferencePipeline.java:193)
at java.util.Spliterators$ArraySpliterator.tryAdvance(Spliterators.java:958)
at java.util.stream.ReferencePipeline.forEachWithCancel(ReferencePipeline.java:126)
at java.util.stream.AbstractPipeline.copyIntoWithCancel(AbstractPipeline.java:498)
at java.util.stream.AbstractPipeline.copyInto(AbstractPipeline.java:485)
at java.util.stream.AbstractPipeline.wrapAndCopyInto(AbstractPipeline.java:471)
at java.util.stream.FindOps$FindOp.evaluateSequential(FindOps.java:152)
at java.util.stream.AbstractPipeline.evaluate(AbstractPipeline.java:234)
at java.util.stream.ReferencePipeline.findFirst(ReferencePipeline.java:464)
at org.openqa.selenium.remote.ProtocolHandshake.createSession(ProtocolHandshake.java:362)
at org.openqa.selenium.remote.ProtocolHandshake.createSession(ProtocolHandshake.java:136)
at org.openqa.selenium.remote.HttpCommandExecutor.execute(HttpCommandExecutor.java:142)
at org.openqa.selenium.remote.service.DriverCommandExecutor.execute(DriverCommandExecutor.java:82)
at org.openqa.selenium.remote.RemoteWebDriver.execute(RemoteWebDriver.java:646)
at org.openqa.selenium.remote.RemoteWebDriver.startSession(RemoteWebDriver.java:255)
at org.openqa.selenium.remote.RemoteWebDriver.startSession(RemoteWebDriver.java:237)
at org.openqa.selenium.remote.RemoteWebDriver.<init>(RemoteWebDriver.java:138)
at org.openqa.selenium.chrome.ChromeDriver.<init>(ChromeDriver.java:178)
at org.openqa.selenium.chrome.ChromeDriver.<init>(ChromeDriver.java:167)
at org.openqa.selenium.chrome.ChromeDriver.<init>(ChromeDriver.java:124)
at com.sauce.qa.base.TestBase.intialization(TestBase.java:43)
at com.sauce.qa.testcases.HomePageTest.setUp(HomePageTest.java:29)
at sun.reflect.NativeMethodAccessorImpl.invoke0(Native Method)
at sun.reflect.NativeMethodAccessorImpl.invoke(NativeMethodAccessorImpl.java:62)
at sun.reflect.DelegatingMethodAccessorImpl.invoke(DelegatingMethodAccessorImpl.java:43)
at java.lang.reflect.Method.invoke(Method.java:498)
at org.testng.internal.MethodInvocationHelper.invokeMethod(MethodInvocationHelper.java:132)
at org.testng.internal.MethodInvocationHelper.invokeMethodConsideringTimeout(MethodInvocationHelper.java:61)
at org.testng.internal.ConfigInvoker.invokeConfigurationMethod(ConfigInvoker.java:366)
at org.testng.internal.ConfigInvoker.invokeConfigurations(ConfigInvoker.java:320)
at org.testng.internal.TestInvoker.runConfigMethods(TestInvoker.java:701)
at org.testng.internal.TestInvoker.invokeMethod(TestInvoker.java:527)
at org.testng.internal.TestInvoker.invokeTestMethod(TestInvoker.java:174)
at org.testng.internal.MethodRunner.runInSequence(MethodRunner.java:46)
at org.testng.internal.TestInvoker$MethodInvocationAgent.invoke(TestInvoker.java:822)
at org.testng.internal.TestInvoker.invokeTestMethods(TestInvoker.java:147)
at org.testng.internal.TestMethodWorker.invokeTestMethods(TestMethodWorker.java:146)
at org.testng.internal.TestMethodWorker.run(TestMethodWorker.java:128)
at java.util.ArrayList.forEach(ArrayList.java:1249)
at org.testng.TestRunner.privateRun(TestRunner.java:764)
at org.testng.TestRunner.run(TestRunner.java:585)
at org.testng.SuiteRunner.runTest(SuiteRunner.java:384)
at org.testng.SuiteRunner.runSequentially(SuiteRunner.java:378)
at org.testng.SuiteRunner.privateRun(SuiteRunner.java:337)
at org.testng.SuiteRunner.run(SuiteRunner.java:286)
at org.testng.SuiteRunnerWorker.runSuite(SuiteRunnerWorker.java:53)
at org.testng.SuiteRunnerWorker.run(SuiteRunnerWorker.java:96)
at org.testng.TestNG.runSuitesSequentially(TestNG.java:1218)
at org.testng.TestNG.runSuitesLocally(TestNG.java:1140)
at org.testng.TestNG.runSuites(TestNG.java:1069)
at org.testng.TestNG.run(TestNG.java:1037)
at org.apache.maven.surefire.testng.TestNGExecutor.run(TestNGExecutor.java:77)
at org.apache.maven.surefire.testng.TestNGDirectoryTestSuite.executeMulti(TestNGDirectoryTestSuite.java:159)
at org.apache.maven.surefire.testng.TestNGDirectoryTestSuite.execute(TestNGDirectoryTestSuite.java:99)
at org.apache.maven.surefire.testng.TestNGProvider.invoke(TestNGProvider.java:106)
at sun.reflect.NativeMethodAccessorImpl.invoke0(Native Method)
at sun.reflect.NativeMethodAccessorImpl.invoke(NativeMethodAccessorImpl.java:62)
at sun.reflect.DelegatingMethodAccessorImpl.invoke(DelegatingMethodAccessorImpl.java:43)
at java.lang.reflect.Method.invoke(Method.java:498)
at org.apache.maven.surefire.util.ReflectionUtils.invokeMethodWithArray(ReflectionUtils.java:189)
at org.apache.maven.surefire.booter.ProviderFactory$ProviderProxy.invoke(ProviderFactory.java:165)
at org.apache.maven.surefire.booter.ProviderFactory.invokeProvider(ProviderFactory.java:85)
at org.apache.maven.surefire.booter.ForkedBooter.runSuitesInProcess(ForkedBooter.java:115)
at org.apache.maven.surefire.booter.ForkedBooter.main(ForkedBooter.java:75)
]]>
    </error>
  </testcase> <!-- setUp -->
  <system-out/>
  <testcase name="clickonAddtoCartTest" time="0.000" classname="com.sauce.qa.testcases.HomePageTest">
    <skipped/>
  </testcase> <!-- clickonAddtoCartTest -->
  <system-out/>
  <testcase name="viewCartPageTest" time="0.000" classname="com.sauce.qa.testcases.HomePageTest">
    <skipped/>
  </testcase> <!-- viewCartPageTest -->
  <system-out/>
  <testcase name="sortTheProductsTest" time="0.000" classname="com.sauce.qa.testcases.HomePageTest">
    <error type="org.testng.TestNGException" message="
Cannot inject @Test annotated Method [sortTheProductsTest] with [class java.lang.String].
For more information on native dependency injection please refer to https://testng.org/doc/documentation-main.html#native-dependency-injection">
      <![CDATA[org.testng.TestNGException: 
Cannot inject @Test annotated Method [sortTheProductsTest] with [class java.lang.String].
For more information on native dependency injection please refer to https://testng.org/doc/documentation-main.html#native-dependency-injection
at org.testng.internal.Parameters.checkParameterTypes(Parameters.java:437)
at org.testng.internal.Parameters.createParametersForMethod(Parameters.java:351)
at org.testng.internal.Parameters.createParameters(Parameters.java:708)
at org.testng.internal.Parameters.handleParameters(Parameters.java:875)
at org.testng.internal.Parameters.handleParameters(Parameters.java:740)
at org.testng.internal.ParameterHandler.handleParameters(ParameterHandler.java:59)
at org.testng.internal.ParameterHandler.createParameters(ParameterHandler.java:38)
at org.testng.internal.TestInvoker$MethodInvocationAgent.invoke(TestInvoker.java:789)
at org.testng.internal.TestInvoker.invokeTestMethods(TestInvoker.java:147)
at org.testng.internal.TestMethodWorker.invokeTestMethods(TestMethodWorker.java:146)
at org.testng.internal.TestMethodWorker.run(TestMethodWorker.java:128)
at java.util.ArrayList.forEach(ArrayList.java:1249)
at org.testng.TestRunner.privateRun(TestRunner.java:764)
at org.testng.TestRunner.run(TestRunner.java:585)
at org.testng.SuiteRunner.runTest(SuiteRunner.java:384)
at org.testng.SuiteRunner.runSequentially(SuiteRunner.java:378)
at org.testng.SuiteRunner.privateRun(SuiteRunner.java:337)
at org.testng.SuiteRunner.run(SuiteRunner.java:286)
at org.testng.SuiteRunnerWorker.runSuite(SuiteRunnerWorker.java:53)
at org.testng.SuiteRunnerWorker.run(SuiteRunnerWorker.java:96)
at org.testng.TestNG.runSuitesSequentially(TestNG.java:1218)
at org.testng.TestNG.runSuitesLocally(TestNG.java:1140)
at org.testng.TestNG.runSuites(TestNG.java:1069)
at org.testng.TestNG.run(TestNG.java:1037)
at org.apache.maven.surefire.testng.TestNGExecutor.run(TestNGExecutor.java:77)
at org.apache.maven.surefire.testng.TestNGDirectoryTestSuite.executeMulti(TestNGDirectoryTestSuite.java:159)
at org.apache.maven.surefire.testng.TestNGDirectoryTestSuite.execute(TestNGDirectoryTestSuite.java:99)
at org.apache.maven.surefire.testng.TestNGProvider.invoke(TestNGProvider.java:106)
at sun.reflect.NativeMethodAccessorImpl.invoke0(Native Method)
at sun.reflect.NativeMethodAccessorImpl.invoke(NativeMethodAccessorImpl.java:62)
at sun.reflect.DelegatingMethodAccessorImpl.invoke(DelegatingMethodAccessorImpl.java:43)
at java.lang.reflect.Method.invoke(Method.java:498)
at org.apache.maven.surefire.util.ReflectionUtils.invokeMethodWithArray(ReflectionUtils.java:189)
at org.apache.maven.surefire.booter.ProviderFactory$ProviderProxy.invoke(ProviderFactory.java:165)
at org.apache.maven.surefire.booter.ProviderFactory.invokeProvider(ProviderFactory.java:85)
at org.apache.maven.surefire.booter.ForkedBooter.runSuitesInProcess(ForkedBooter.java:115)
at org.apache.maven.surefire.booter.ForkedBooter.main(ForkedBooter.java:75)
]]>
    </error>
  </testcase> <!-- sortTheProductsTest -->
  <system-out/>
</testsuite> <!-- com.sauce.qa.testcases.HomePageTest -->
